#
# There is insufficient memory for the Java Runtime Environment to continue.
# Native memory allocation (mmap) failed to map 146800640 bytes for Failed to commit area from 0x000000008ed00000 to 0x0000000097900000 of length 146800640.
# Possible reasons:
#   The system is out of physical RAM or swap space
#   The process is running with CompressedOops enabled, and the Java Heap may be blocking the growth of the native heap
# Possible solutions:
#   Reduce memory load on the system
#   Increase physical memory or swap space
#   Check if swap backing store is full
#   Decrease Java heap size (-Xmx/-Xms)
#   Decrease number of Java threads
#   Decrease Java thread stack sizes (-Xss)
#   Set larger code cache with -XX:ReservedCodeCacheSize=
#   JVM is running with Unscaled Compressed Oops mode in which the Java heap is
#     placed in the first 4GB address space. The Java Heap base address is the
#     maximum limit for the native heap growth. Please use -XX:HeapBaseMinAddress
#     to set the Java Heap base and to place the Java Heap above 4GB virtual address.
# This output file may be truncated or incomplete.
#
#  Out of Memory Error (./src/hotspot/os/windows/os_windows.cpp:3521), pid=14308, tid=17032
#
# JRE version: OpenJDK Runtime Environment (11.0.12+7) (build 11.0.12+7-b1504.28-7817840)
# Java VM: OpenJDK 64-Bit Server VM (11.0.12+7-b1504.28-7817840, mixed mode, tiered, compressed oops, g1 gc, windows-amd64)
# No core dump will be written. Minidumps are not enabled by default on client versions of Windows
#

---------------  S U M M A R Y ------------

Command Line: --add-opens=java.base/java.util=ALL-UNNAMED --add-opens=java.base/java.lang=ALL-UNNAMED --add-opens=java.base/java.lang.invoke=ALL-UNNAMED --add-opens=java.base/java.util=ALL-UNNAMED --add-opens=java.prefs/java.util.prefs=ALL-UNNAMED --add-opens=java.prefs/java.util.prefs=ALL-UNNAMED --add-opens=java.base/java.nio.charset=ALL-UNNAMED --add-opens=java.base/java.net=ALL-UNNAMED --add-opens=java.base/java.util.concurrent.atomic=ALL-UNNAMED -Xmx2048m -Dfile.encoding=UTF-8 -Duser.country=US -Duser.language=en -Duser.variant org.gradle.launcher.daemon.bootstrap.GradleDaemon 7.3.3

Host: Intel(R) Core(TM) i5-1035G1 CPU @ 1.00GHz, 8 cores, 3G,  Windows 10 , 64 bit Build 22621 (10.0.22621.608)
Time: Sat Nov  5 11:46:35 2022 SE Asia Standard Time elapsed time: 2265.706354 seconds (0d 0h 37m 45s)

---------------  T H R E A D  ---------------

Current thread (0x0000021123574000):  VMThread "VM Thread" [stack: 0x000000dee1400000,0x000000dee1500000] [id=17032]

Stack: [0x000000dee1400000,0x000000dee1500000]
[error occurred during error reporting (printing stack bounds), id 0xc0000005, EXCEPTION_ACCESS_VIOLATION (0xc0000005) at pc=0x000002110c4612e7]

Native frames: (J=compiled Java code, j=interpreted, Vv=VM code, C=native code)
V  [jvm.dll+0x5fbcea]
V  [jvm.dll+0x731905]
V  [jvm.dll+0x732f1d]
V  [jvm.dll+0x733535]
V  [jvm.dll+0x7334eb]
V  [jvm.dll+0x5fb080]
V  [jvm.dll+0x5fb818]
C  [ntdll.dll+0xa3e1f]
C  [ntdll.dll+0x1eae6]
C  [ntdll.dll+0xa2e0e]
C  0x000002110c4612e7

VM_Operation (0x000000dee89fa840): G1CollectForAllocation, mode: safepoint, requested by thread 0x000002112a1f0000


---------------  P R O C E S S  ---------------

Threads class SMR info:
_java_thread_list=0x00000211302170a0, length=132, elements={
0x000002110704c000, 0x0000021123578000, 0x000002112357d000, 0x0000021123f22800,
0x0000021123598000, 0x0000021123599000, 0x000002112359b800, 0x00000211235a1000,
0x00000211235a6000, 0x0000021124049000, 0x00000211257dc000, 0x0000021125324800,
0x0000021125593800, 0x00000211245df800, 0x00000211245d9800, 0x00000211245da800,
0x00000211245dd000, 0x00000211245e0000, 0x00000211263f1000, 0x00000211263ef800,
0x00000211263ed800, 0x00000211263ee800, 0x00000211263f2800, 0x000002112a1f1800,
0x000002112a1f2800, 0x000002112a1f5000, 0x000002112a034000, 0x000002112a034800,
0x000002112a032000, 0x000002112a033000, 0x000002112a03e800, 0x000002112e36d800,
0x00000211242be000, 0x00000211245dd800, 0x00000211245dc000, 0x00000211245de800,
0x0000021133651000, 0x0000021133652000, 0x0000021133653000, 0x000002113364e000,
0x0000021133653800, 0x000002113364f800, 0x0000021133654800, 0x000002113364e800,
0x0000021133655000, 0x0000021133656000, 0x0000021133650800, 0x0000021133657000,
0x0000021133658800, 0x0000021133657800, 0x000002113365b000, 0x000002113365c800,
0x0000021133659800, 0x000002113365a000, 0x000002113365c000, 0x000002112e36b000,
0x000002112e36e800, 0x000002112e36a000, 0x000002112e36c800, 0x000002112e368800,
0x000002112e36f000, 0x000002112e36c000, 0x000002112e369800, 0x000002112e370800,
0x000002112e375000, 0x000002112e375800, 0x000002112e371800, 0x000002112e372800,
0x000002112e373000, 0x000002112e374000, 0x000002112e370000, 0x000002112e376800,
0x000002112e377800, 0x00000211242b8800, 0x00000211242b9000, 0x00000211242b7800,
0x00000211242b6800, 0x00000211242b3800, 0x00000211242ba000, 0x00000211242b4800,
0x00000211242bb000, 0x00000211242b5000, 0x00000211242bb800, 0x00000211242b6000,
0x00000211242c2000, 0x00000211242bf000, 0x00000211242bc800, 0x00000211242c0800,
0x00000211242bf800, 0x00000211242bd800, 0x00000211242c1800, 0x000002112ced5000,
0x000002112ced6800, 0x000002112ced6000, 0x000002112ced7800, 0x000002112ced3800,
0x000002112ced8000, 0x000002112ced2800, 0x000002112cede000, 0x000002112ced9000,
0x000002112cedf000, 0x000002112ceda000, 0x000002112cedd000, 0x000002112cedf800,
0x000002112cedc800, 0x000002112cedb800, 0x000002112cee0800, 0x000002112ceda800,
0x000002112a1e7000, 0x000002112a1e9800, 0x000002112a1ec000, 0x000002112a1ea800,
0x000002112a1ed800, 0x000002112a1ed000, 0x000002112a1e8000, 0x000002112a1eb000,
0x000002112a1ee800, 0x000002112a1e8800, 0x000002112a1f1000, 0x000002112a1f4000,
0x000002112a1ef000, 0x000002112a1f3800, 0x000002112a1f5800, 0x000002112a1f0000,
0x000002112a030800, 0x000002112a035800, 0x000002112a030000, 0x000002112a03c000,
0x000002112a038000, 0x000002112a039000, 0x000002112a039800, 0x00000211263ea800
}

Java Threads: ( => current thread )
  0x000002110704c000 JavaThread "main" [_thread_blocked, id=15240, stack(0x000000dee0e00000,0x000000dee0f00000)]
  0x0000021123578000 JavaThread "Reference Handler" daemon [_thread_blocked, id=4172, stack(0x000000dee1500000,0x000000dee1600000)]
  0x000002112357d000 JavaThread "Finalizer" daemon [_thread_blocked, id=18372, stack(0x000000dee1600000,0x000000dee1700000)]
  0x0000021123f22800 JavaThread "Signal Dispatcher" daemon [_thread_blocked, id=5440, stack(0x000000dee1700000,0x000000dee1800000)]
  0x0000021123598000 JavaThread "Attach Listener" daemon [_thread_blocked, id=18368, stack(0x000000dee1800000,0x000000dee1900000)]
  0x0000021123599000 JavaThread "Service Thread" daemon [_thread_blocked, id=12068, stack(0x000000dee1900000,0x000000dee1a00000)]
  0x000002112359b800 JavaThread "C2 CompilerThread0" daemon [_thread_in_native, id=12088, stack(0x000000dee1a00000,0x000000dee1b00000)]
  0x00000211235a1000 JavaThread "C1 CompilerThread0" daemon [_thread_blocked, id=6376, stack(0x000000dee1b00000,0x000000dee1c00000)]
  0x00000211235a6000 JavaThread "Sweeper thread" daemon [_thread_blocked, id=8336, stack(0x000000dee1c00000,0x000000dee1d00000)]
  0x0000021124049000 JavaThread "Common-Cleaner" daemon [_thread_blocked, id=17328, stack(0x000000dee1d00000,0x000000dee1e00000)]
  0x00000211257dc000 JavaThread "Daemon health stats" [_thread_blocked, id=5084, stack(0x000000dee2000000,0x000000dee2100000)]
  0x0000021125324800 JavaThread "Incoming local TCP Connector on port 60620" [_thread_in_native, id=3280, stack(0x000000dee2100000,0x000000dee2200000)]
  0x0000021125593800 JavaThread "Daemon periodic checks" [_thread_blocked, id=10852, stack(0x000000dee2200000,0x000000dee2300000)]
  0x00000211245df800 JavaThread "Cache worker for journal cache (C:\Users\Admin\.gradle\caches\journal-1)" [_thread_blocked, id=17760, stack(0x000000dee3100000,0x000000dee3200000)]
  0x00000211245d9800 JavaThread "File lock request listener" [_thread_in_native, id=17248, stack(0x000000dee3200000,0x000000dee3300000)]
  0x00000211245da800 JavaThread "Cache worker for file hash cache (C:\Users\Admin\.gradle\caches\7.3.3\fileHashes)" [_thread_blocked, id=15620, stack(0x000000dee3300000,0x000000dee3400000)]
  0x00000211245dd000 JavaThread "File watcher server" daemon [_thread_blocked, id=13852, stack(0x000000dee3600000,0x000000dee3700000)]
  0x00000211245e0000 JavaThread "File watcher consumer" daemon [_thread_blocked, id=6008, stack(0x000000dee3700000,0x000000dee3800000)]
  0x00000211263f1000 JavaThread "Cache worker for execution history cache (C:\Users\Admin\.gradle\caches\7.3.3\executionHistory)" [_thread_blocked, id=4160, stack(0x000000dee3b00000,0x000000dee3c00000)]
  0x00000211263ef800 JavaThread "jar transforms" [_thread_blocked, id=12348, stack(0x000000dee3900000,0x000000dee3a00000)]
  0x00000211263ed800 JavaThread "Cache worker for file content cache (C:\Users\Admin\.gradle\caches\7.3.3\fileContent)" [_thread_blocked, id=12524, stack(0x000000dee3c00000,0x000000dee3d00000)]
  0x00000211263ee800 JavaThread "jar transforms Thread 2" [_thread_blocked, id=12428, stack(0x000000dee3d00000,0x000000dee3e00000)]
  0x00000211263f2800 JavaThread "jar transforms Thread 3" [_thread_blocked, id=18280, stack(0x000000dee3f00000,0x000000dee4000000)]
  0x000002112a1f1800 JavaThread "jar transforms Thread 4" [_thread_blocked, id=9676, stack(0x000000dee9100000,0x000000dee9200000)]
  0x000002112a1f2800 JavaThread "jar transforms Thread 5" [_thread_blocked, id=1352, stack(0x000000dee9200000,0x000000dee9300000)]
  0x000002112a1f5000 JavaThread "jar transforms Thread 6" [_thread_blocked, id=6588, stack(0x000000dee9300000,0x000000dee9400000)]
  0x000002112a034000 JavaThread "jar transforms Thread 7" [_thread_blocked, id=13872, stack(0x000000dee9400000,0x000000dee9500000)]
  0x000002112a034800 JavaThread "jar transforms Thread 8" [_thread_blocked, id=3480, stack(0x000000dee9500000,0x000000dee9600000)]
  0x000002112a032000 JavaThread "Memory manager" [_thread_blocked, id=3352, stack(0x000000dee9700000,0x000000dee9800000)]
  0x000002112a033000 JavaThread "pool-3-thread-1" [_thread_blocked, id=12568, stack(0x000000dee9900000,0x000000dee9a00000)]
  0x000002112a03e800 JavaThread "Cache worker for Java compile cache (C:\Users\Admin\.gradle\caches\7.3.3\javaCompile)" [_thread_blocked, id=13340, stack(0x000000deea300000,0x000000deea400000)]
  0x000002112e36d800 JavaThread "ForkJoinPool.commonPool-worker-3" daemon [_thread_blocked, id=8236, stack(0x000000deeb300000,0x000000deeb400000)]
  0x00000211242be000 JavaThread "pool-7-thread-1" [_thread_blocked, id=2068, stack(0x000000dee9000000,0x000000dee9100000)]
  0x00000211245dd800 JavaThread "pool-10-thread-1" [_thread_blocked, id=5636, stack(0x000000dee8e00000,0x000000dee8f00000)]
  0x00000211245dc000 JavaThread "pool-13-thread-1" [_thread_blocked, id=5136, stack(0x000000dee9800000,0x000000dee9900000)]
  0x00000211245de800 JavaThread "pool-16-thread-1" [_thread_blocked, id=8220, stack(0x000000dee9b00000,0x000000dee9c00000)]
  0x0000021133651000 JavaThread "pool-19-thread-1" [_thread_blocked, id=9416, stack(0x000000dee9a00000,0x000000dee9b00000)]
  0x0000021133652000 JavaThread "Daemon Thread 7" [_thread_blocked, id=13748, stack(0x000000dee0b00000,0x000000dee0c00000)]
  0x0000021133653000 JavaThread "Handler for socket connection from /127.0.0.1:60620 to /127.0.0.1:61918" [_thread_in_native, id=8704, stack(0x000000dee0c00000,0x000000dee0d00000)]
  0x000002113364e000 JavaThread "Cancel handler" [_thread_blocked, id=4648, stack(0x000000dee0d00000,0x000000dee0e00000)]
  0x0000021133653800 JavaThread "Daemon worker Thread 7" [_thread_blocked, id=8464, stack(0x000000dee2300000,0x000000dee2400000)]
  0x000002113364f800 JavaThread "Asynchronous log dispatcher for DefaultDaemonConnection: socket connection from /127.0.0.1:60620 to /127.0.0.1:61918" [_thread_blocked, id=16496, stack(0x000000dee2400000,0x000000dee2500000)]
  0x0000021133654800 JavaThread "Stdin handler" [_thread_blocked, id=4316, stack(0x000000dee2500000,0x000000dee2600000)]
  0x000002113364e800 JavaThread "Daemon client event forwarder" [_thread_blocked, id=11920, stack(0x000000dee2600000,0x000000dee2700000)]
  0x0000021133655000 JavaThread "Cache worker for file hash cache (E:\Android_Project\BookApp\.gradle\7.3.3\fileHashes)" [_thread_blocked, id=3756, stack(0x000000dee2900000,0x000000dee2a00000)]
  0x0000021133656000 JavaThread "Cache worker for checksums cache (E:\Android_Project\BookApp\.gradle\7.3.3\checksums)" [_thread_blocked, id=5932, stack(0x000000dee2a00000,0x000000dee2b00000)]
  0x0000021133650800 JavaThread "Cache worker for cache directory md-supplier (C:\Users\Admin\.gradle\caches\7.3.3\md-supplier)" [_thread_blocked, id=15468, stack(0x000000dee3500000,0x000000dee3600000)]
  0x0000021133657000 JavaThread "Cache worker for cache directory md-rule (C:\Users\Admin\.gradle\caches\7.3.3\md-rule)" [_thread_blocked, id=13844, stack(0x000000dee3800000,0x000000dee3900000)]
  0x0000021133658800 JavaThread "Cache worker for dependencies-accessors (E:\Android_Project\BookApp\.gradle\7.3.3\dependencies-accessors)" [_thread_blocked, id=15356, stack(0x000000dee3e00000,0x000000dee3f00000)]
  0x0000021133657800 JavaThread "Cache worker for Build Output Cleanup Cache (E:\Android_Project\BookApp\.gradle\buildOutputCleanup)" [_thread_blocked, id=17836, stack(0x000000dee4000000,0x000000dee4100000)]
  0x000002113365b000 JavaThread "Unconstrained build operations" [_thread_blocked, id=13780, stack(0x000000dee3a00000,0x000000dee3b00000)]
  0x000002113365c800 JavaThread "Unconstrained build operations Thread 2" [_thread_blocked, id=15840, stack(0x000000dee4100000,0x000000dee4200000)]
  0x0000021133659800 JavaThread "Unconstrained build operations Thread 3" [_thread_blocked, id=540, stack(0x000000dee4200000,0x000000dee4300000)]
  0x000002113365a000 JavaThread "Unconstrained build operations Thread 4" [_thread_blocked, id=16884, stack(0x000000dee4300000,0x000000dee4400000)]
  0x000002113365c000 JavaThread "Unconstrained build operations Thread 5" [_thread_blocked, id=17228, stack(0x000000dee4400000,0x000000dee4500000)]
  0x000002112e36b000 JavaThread "Unconstrained build operations Thread 6" [_thread_blocked, id=13304, stack(0x000000dee4500000,0x000000dee4600000)]
  0x000002112e36e800 JavaThread "Unconstrained build operations Thread 7" [_thread_blocked, id=9084, stack(0x000000dee4600000,0x000000dee4700000)]
  0x000002112e36a000 JavaThread "Unconstrained build operations Thread 8" [_thread_blocked, id=12736, stack(0x000000dee4700000,0x000000dee4800000)]
  0x000002112e36c800 JavaThread "Unconstrained build operations Thread 9" [_thread_blocked, id=17404, stack(0x000000dee4800000,0x000000dee4900000)]
  0x000002112e368800 JavaThread "Unconstrained build operations Thread 10" [_thread_blocked, id=2996, stack(0x000000dee4900000,0x000000dee4a00000)]
  0x000002112e36f000 JavaThread "Unconstrained build operations Thread 11" [_thread_blocked, id=8048, stack(0x000000dee4a00000,0x000000dee4b00000)]
  0x000002112e36c000 JavaThread "Unconstrained build operations Thread 12" [_thread_blocked, id=4740, stack(0x000000dee4b00000,0x000000dee4c00000)]
  0x000002112e369800 JavaThread "Unconstrained build operations Thread 13" [_thread_blocked, id=17216, stack(0x000000dee4c00000,0x000000dee4d00000)]
  0x000002112e370800 JavaThread "Unconstrained build operations Thread 14" [_thread_blocked, id=16036, stack(0x000000dee4d00000,0x000000dee4e00000)]
  0x000002112e375000 JavaThread "Unconstrained build operations Thread 15" [_thread_blocked, id=3404, stack(0x000000dee4e00000,0x000000dee4f00000)]
  0x000002112e375800 JavaThread "Unconstrained build operations Thread 16" [_thread_blocked, id=10824, stack(0x000000dee4f00000,0x000000dee5000000)]
  0x000002112e371800 JavaThread "Unconstrained build operations Thread 17" [_thread_blocked, id=18312, stack(0x000000dee5000000,0x000000dee5100000)]
  0x000002112e372800 JavaThread "Unconstrained build operations Thread 18" [_thread_blocked, id=4560, stack(0x000000dee5100000,0x000000dee5200000)]
  0x000002112e373000 JavaThread "Unconstrained build operations Thread 19" [_thread_blocked, id=5012, stack(0x000000dee5200000,0x000000dee5300000)]
  0x000002112e374000 JavaThread "Unconstrained build operations Thread 20" [_thread_blocked, id=16632, stack(0x000000dee5300000,0x000000dee5400000)]
  0x000002112e370000 JavaThread "Unconstrained build operations Thread 21" [_thread_blocked, id=9608, stack(0x000000dee5400000,0x000000dee5500000)]
  0x000002112e376800 JavaThread "Unconstrained build operations Thread 22" [_thread_blocked, id=2588, stack(0x000000dee5500000,0x000000dee5600000)]
  0x000002112e377800 JavaThread "Unconstrained build operations Thread 23" [_thread_blocked, id=14552, stack(0x000000dee5600000,0x000000dee5700000)]
  0x00000211242b8800 JavaThread "Unconstrained build operations Thread 24" [_thread_blocked, id=1740, stack(0x000000dee5700000,0x000000dee5800000)]
  0x00000211242b9000 JavaThread "Unconstrained build operations Thread 25" [_thread_blocked, id=18416, stack(0x000000dee5800000,0x000000dee5900000)]
  0x00000211242b7800 JavaThread "Unconstrained build operations Thread 26" [_thread_blocked, id=18228, stack(0x000000dee5900000,0x000000dee5a00000)]
  0x00000211242b6800 JavaThread "Unconstrained build operations Thread 27" [_thread_blocked, id=11408, stack(0x000000dee5a00000,0x000000dee5b00000)]
  0x00000211242b3800 JavaThread "Unconstrained build operations Thread 28" [_thread_blocked, id=16372, stack(0x000000dee5b00000,0x000000dee5c00000)]
  0x00000211242ba000 JavaThread "Unconstrained build operations Thread 29" [_thread_blocked, id=18392, stack(0x000000dee5c00000,0x000000dee5d00000)]
  0x00000211242b4800 JavaThread "Unconstrained build operations Thread 30" [_thread_blocked, id=17972, stack(0x000000dee5d00000,0x000000dee5e00000)]
  0x00000211242bb000 JavaThread "Unconstrained build operations Thread 31" [_thread_blocked, id=1724, stack(0x000000dee5e00000,0x000000dee5f00000)]
  0x00000211242b5000 JavaThread "Unconstrained build operations Thread 32" [_thread_blocked, id=16428, stack(0x000000dee5f00000,0x000000dee6000000)]
  0x00000211242bb800 JavaThread "Unconstrained build operations Thread 33" [_thread_blocked, id=15308, stack(0x000000dee6000000,0x000000dee6100000)]
  0x00000211242b6000 JavaThread "Unconstrained build operations Thread 34" [_thread_blocked, id=4704, stack(0x000000dee6100000,0x000000dee6200000)]
  0x00000211242c2000 JavaThread "Unconstrained build operations Thread 35" [_thread_blocked, id=16956, stack(0x000000dee6200000,0x000000dee6300000)]
  0x00000211242bf000 JavaThread "Unconstrained build operations Thread 36" [_thread_blocked, id=2008, stack(0x000000dee6300000,0x000000dee6400000)]
  0x00000211242bc800 JavaThread "Unconstrained build operations Thread 37" [_thread_blocked, id=15676, stack(0x000000dee6400000,0x000000dee6500000)]
  0x00000211242c0800 JavaThread "Unconstrained build operations Thread 38" [_thread_blocked, id=7744, stack(0x000000dee6500000,0x000000dee6600000)]
  0x00000211242bf800 JavaThread "Unconstrained build operations Thread 39" [_thread_blocked, id=11768, stack(0x000000dee6600000,0x000000dee6700000)]
  0x00000211242bd800 JavaThread "Unconstrained build operations Thread 40" [_thread_blocked, id=12320, stack(0x000000dee6700000,0x000000dee6800000)]
  0x00000211242c1800 JavaThread "Unconstrained build operations Thread 41" [_thread_blocked, id=18344, stack(0x000000dee6800000,0x000000dee6900000)]
  0x000002112ced5000 JavaThread "Unconstrained build operations Thread 42" [_thread_blocked, id=15136, stack(0x000000dee6900000,0x000000dee6a00000)]
  0x000002112ced6800 JavaThread "Unconstrained build operations Thread 43" [_thread_blocked, id=1908, stack(0x000000dee6a00000,0x000000dee6b00000)]
  0x000002112ced6000 JavaThread "Unconstrained build operations Thread 44" [_thread_blocked, id=8720, stack(0x000000dee6b00000,0x000000dee6c00000)]
  0x000002112ced7800 JavaThread "Unconstrained build operations Thread 45" [_thread_blocked, id=8740, stack(0x000000dee6c00000,0x000000dee6d00000)]
  0x000002112ced3800 JavaThread "Unconstrained build operations Thread 46" [_thread_blocked, id=13348, stack(0x000000dee6d00000,0x000000dee6e00000)]
  0x000002112ced8000 JavaThread "Unconstrained build operations Thread 47" [_thread_blocked, id=4508, stack(0x000000dee6e00000,0x000000dee6f00000)]
  0x000002112ced2800 JavaThread "Unconstrained build operations Thread 48" [_thread_blocked, id=2808, stack(0x000000dee6f00000,0x000000dee7000000)]
  0x000002112cede000 JavaThread "Unconstrained build operations Thread 49" [_thread_blocked, id=8256, stack(0x000000dee7000000,0x000000dee7100000)]
  0x000002112ced9000 JavaThread "Unconstrained build operations Thread 50" [_thread_blocked, id=4636, stack(0x000000dee7100000,0x000000dee7200000)]
  0x000002112cedf000 JavaThread "Unconstrained build operations Thread 51" [_thread_blocked, id=12452, stack(0x000000dee7200000,0x000000dee7300000)]
  0x000002112ceda000 JavaThread "Unconstrained build operations Thread 52" [_thread_blocked, id=10100, stack(0x000000dee7300000,0x000000dee7400000)]
  0x000002112cedd000 JavaThread "Unconstrained build operations Thread 53" [_thread_blocked, id=14800, stack(0x000000dee7400000,0x000000dee7500000)]
  0x000002112cedf800 JavaThread "Unconstrained build operations Thread 54" [_thread_blocked, id=3120, stack(0x000000dee7500000,0x000000dee7600000)]
  0x000002112cedc800 JavaThread "Unconstrained build operations Thread 55" [_thread_blocked, id=16012, stack(0x000000dee7600000,0x000000dee7700000)]
  0x000002112cedb800 JavaThread "Unconstrained build operations Thread 56" [_thread_blocked, id=17016, stack(0x000000dee7700000,0x000000dee7800000)]
  0x000002112cee0800 JavaThread "Unconstrained build operations Thread 57" [_thread_blocked, id=18188, stack(0x000000dee7800000,0x000000dee7900000)]
  0x000002112ceda800 JavaThread "Unconstrained build operations Thread 58" [_thread_blocked, id=12252, stack(0x000000dee7900000,0x000000dee7a00000)]
  0x000002112a1e7000 JavaThread "Unconstrained build operations Thread 59" [_thread_blocked, id=3100, stack(0x000000dee7a00000,0x000000dee7b00000)]
  0x000002112a1e9800 JavaThread "Unconstrained build operations Thread 60" [_thread_blocked, id=5664, stack(0x000000dee7b00000,0x000000dee7c00000)]
  0x000002112a1ec000 JavaThread "Unconstrained build operations Thread 61" [_thread_blocked, id=17828, stack(0x000000dee7c00000,0x000000dee7d00000)]
  0x000002112a1ea800 JavaThread "Unconstrained build operations Thread 62" [_thread_blocked, id=13544, stack(0x000000dee7d00000,0x000000dee7e00000)]
  0x000002112a1ed800 JavaThread "Unconstrained build operations Thread 63" [_thread_blocked, id=17140, stack(0x000000dee7e00000,0x000000dee7f00000)]
  0x000002112a1ed000 JavaThread "Unconstrained build operations Thread 64" [_thread_blocked, id=17104, stack(0x000000dee7f00000,0x000000dee8000000)]
  0x000002112a1e8000 JavaThread "Unconstrained build operations Thread 65" [_thread_blocked, id=1904, stack(0x000000dee8000000,0x000000dee8100000)]
  0x000002112a1eb000 JavaThread "Unconstrained build operations Thread 66" [_thread_blocked, id=17348, stack(0x000000dee8100000,0x000000dee8200000)]
  0x000002112a1ee800 JavaThread "Unconstrained build operations Thread 67" [_thread_blocked, id=12512, stack(0x000000dee8200000,0x000000dee8300000)]
  0x000002112a1e8800 JavaThread "Unconstrained build operations Thread 68" [_thread_blocked, id=18408, stack(0x000000dee8300000,0x000000dee8400000)]
  0x000002112a1f1000 JavaThread "Unconstrained build operations Thread 69" [_thread_blocked, id=15484, stack(0x000000dee8400000,0x000000dee8500000)]
  0x000002112a1f4000 JavaThread "Unconstrained build operations Thread 70" [_thread_blocked, id=15432, stack(0x000000dee8500000,0x000000dee8600000)]
  0x000002112a1ef000 JavaThread "Unconstrained build operations Thread 71" [_thread_blocked, id=3960, stack(0x000000dee8600000,0x000000dee8700000)]
  0x000002112a1f3800 JavaThread "Unconstrained build operations Thread 72" [_thread_blocked, id=11420, stack(0x000000dee8700000,0x000000dee8800000)]
  0x000002112a1f5800 JavaThread "Unconstrained build operations Thread 73" [_thread_blocked, id=17384, stack(0x000000dee8800000,0x000000dee8900000)]
  0x000002112a1f0000 JavaThread "Unconstrained build operations Thread 74" [_thread_blocked, id=15488, stack(0x000000dee8900000,0x000000dee8a00000)]
  0x000002112a030800 JavaThread "Unconstrained build operations Thread 75" [_thread_blocked, id=8372, stack(0x000000dee8a00000,0x000000dee8b00000)]
  0x000002112a035800 JavaThread "Unconstrained build operations Thread 76" [_thread_blocked, id=2092, stack(0x000000dee8b00000,0x000000dee8c00000)]
  0x000002112a030000 JavaThread "Unconstrained build operations Thread 77" [_thread_blocked, id=18196, stack(0x000000dee8c00000,0x000000dee8d00000)]
  0x000002112a03c000 JavaThread "Unconstrained build operations Thread 78" [_thread_blocked, id=6536, stack(0x000000dee8d00000,0x000000dee8e00000)]
  0x000002112a038000 JavaThread "Unconstrained build operations Thread 79" [_thread_blocked, id=17572, stack(0x000000dee8f00000,0x000000dee9000000)]
  0x000002112a039000 JavaThread "Unconstrained build operations Thread 80" [_thread_blocked, id=2744, stack(0x000000dee9600000,0x000000dee9700000)]
  0x000002112a039800 JavaThread "pool-22-thread-1" [_thread_blocked, id=10500, stack(0x000000dee9c00000,0x000000dee9d00000)]
  0x00000211263ea800 JavaThread "Cache worker for execution history cache (E:\Android_Project\BookApp\.gradle\7.3.3\executionHistory)" [_thread_blocked, id=12520, stack(0x000000deea500000,0x000000deea600000)]

Other Threads:
=>0x0000021123574000 VMThread "VM Thread" [stack: 0x000000dee1400000,0x000000dee1500000] [id=17032]
  0x000002112406d000 WatcherThread [stack: 0x000000dee1e00000,0x000000dee1f00000] [id=2108]
  0x0000021107173000 GCTaskThread "GC Thread#0" [stack: 0x000000dee0f00000,0x000000dee1000000] [id=13588]
  0x0000021124ade800 GCTaskThread "GC Thread#1" [stack: 0x000000dee1f00000,0x000000dee2000000] [id=12564]
  0x0000021124c1d800 GCTaskThread "GC Thread#2" [stack: 0x000000dee2b00000,0x000000dee2c00000] [id=15232]
  0x0000021125389000 GCTaskThread "GC Thread#3" [stack: 0x000000dee2c00000,0x000000dee2d00000] [id=12500]
  0x0000021125389800 GCTaskThread "GC Thread#4" [stack: 0x000000dee2d00000,0x000000dee2e00000] [id=5660]
  0x000002112554e800 GCTaskThread "GC Thread#5" [stack: 0x000000dee2e00000,0x000000dee2f00000] [id=14796]
  0x000002112554f000 GCTaskThread "GC Thread#6" [stack: 0x000000dee2f00000,0x000000dee3000000] [id=10404]
  0x000002112520e000 GCTaskThread "GC Thread#7" [stack: 0x000000dee3000000,0x000000dee3100000] [id=16992]
  0x00000211071a4000 ConcurrentGCThread "G1 Main Marker" [stack: 0x000000dee1000000,0x000000dee1100000] [id=18244]
  0x00000211071a6000 ConcurrentGCThread "G1 Conc#0" [stack: 0x000000dee1100000,0x000000dee1200000] [id=14424]
  0x0000021125f96000 ConcurrentGCThread "G1 Conc#1" [stack: 0x000000dee3400000,0x000000dee3500000] [id=16020]
  0x0000021107212800 ConcurrentGCThread "G1 Refine#0" [stack: 0x000000dee1200000,0x000000dee1300000] [id=14944]
  0x0000021133e8e800 ConcurrentGCThread "G1 Refine#1" [stack: 0x000000dee2700000,0x000000dee2800000] [id=6696]
  0x0000021126889800 ConcurrentGCThread "G1 Refine#2" [stack: 0x000000dee2800000,0x000000dee2900000] [id=16460]
  0x0000021107215800 ConcurrentGCThread "G1 Young RemSet Sampling" [stack: 0x000000dee1300000,0x000000dee1400000] [id=4384]

Threads with active compile tasks:
C2 CompilerThread02265782 23941       4       org.objectweb.asm.commons.Remapper::mapMethodDesc (111 bytes)

VM state:at safepoint (normal execution)

VM Mutex/Monitor currently owned by a thread:  ([mutex/lock_event])
[0x0000021107159540] Threads_lock - owner thread: 0x0000021123574000
[0x0000021107159930] Heap_lock - owner thread: 0x000002112a1f0000

Heap address: 0x0000000080000000, size: 2048 MB, Compressed Oops mode: 32-bit
Narrow klass base: 0x0000000000000000, Narrow klass shift: 3
Compressed class space size: 1073741824 Address: 0x0000000100000000

Heap:
 garbage-first heap   total 386048K, used 157399K [0x0000000080000000, 0x0000000100000000)
  region size 1024K, 2 young (2048K), 2 survivors (2048K)
 Metaspace       used 150457K, capacity 155179K, committed 155980K, reserved 1183744K
  class space    used 18978K, capacity 20671K, committed 20864K, reserved 1048576K
Heap Regions: E=young(eden), S=young(survivor), O=old, HS=humongous(starts), HC=humongous(continues), CS=collection set, F=free, A=archive, TAMS=top-at-mark-start (previous, next)
|   0|0x0000000080000000, 0x0000000080100000, 0x0000000080100000|100%| O|  |TAMS 0x0000000080100000, 0x0000000080100000| Untracked 
|   1|0x0000000080100000, 0x0000000080200000, 0x0000000080200000|100%| O|  |TAMS 0x0000000080200000, 0x0000000080200000| Untracked 
|   2|0x0000000080200000, 0x0000000080300000, 0x0000000080300000|100%| O|  |TAMS 0x0000000080300000, 0x0000000080300000| Untracked 
|   3|0x0000000080300000, 0x0000000080400000, 0x0000000080400000|100%|HS|  |TAMS 0x0000000080400000, 0x0000000080400000| Complete 
|   4|0x0000000080400000, 0x0000000080500000, 0x0000000080500000|100%|HC|  |TAMS 0x0000000080500000, 0x0000000080500000| Complete 
|   5|0x0000000080500000, 0x0000000080600000, 0x0000000080600000|100%|HC|  |TAMS 0x0000000080600000, 0x0000000080600000| Complete 
|   6|0x0000000080600000, 0x0000000080700000, 0x0000000080700000|100%| O|  |TAMS 0x0000000080700000, 0x0000000080700000| Untracked 
|   7|0x0000000080700000, 0x0000000080800000, 0x0000000080800000|100%| O|  |TAMS 0x0000000080800000, 0x0000000080800000| Untracked 
|   8|0x0000000080800000, 0x0000000080900000, 0x0000000080900000|100%| O|  |TAMS 0x0000000080900000, 0x0000000080900000| Untracked 
|   9|0x0000000080900000, 0x0000000080a00000, 0x0000000080a00000|100%| O|  |TAMS 0x0000000080a00000, 0x0000000080a00000| Untracked 
|  10|0x0000000080a00000, 0x0000000080b00000, 0x0000000080b00000|100%| O|  |TAMS 0x0000000080b00000, 0x0000000080b00000| Untracked 
|  11|0x0000000080b00000, 0x0000000080c00000, 0x0000000080c00000|100%| O|  |TAMS 0x0000000080c00000, 0x0000000080c00000| Untracked 
|  12|0x0000000080c00000, 0x0000000080d00000, 0x0000000080d00000|100%| O|  |TAMS 0x0000000080d00000, 0x0000000080d00000| Untracked 
|  13|0x0000000080d00000, 0x0000000080e00000, 0x0000000080e00000|100%| O|  |TAMS 0x0000000080e00000, 0x0000000080e00000| Untracked 
|  14|0x0000000080e00000, 0x0000000080f00000, 0x0000000080f00000|100%| O|  |TAMS 0x0000000080f00000, 0x0000000080f00000| Untracked 
|  15|0x0000000080f00000, 0x0000000081000000, 0x0000000081000000|100%| O|  |TAMS 0x0000000081000000, 0x0000000081000000| Untracked 
|  16|0x0000000081000000, 0x0000000081100000, 0x0000000081100000|100%| O|  |TAMS 0x0000000081100000, 0x0000000081100000| Untracked 
|  17|0x0000000081100000, 0x0000000081200000, 0x0000000081200000|100%| O|  |TAMS 0x0000000081200000, 0x0000000081200000| Untracked 
|  18|0x0000000081200000, 0x0000000081300000, 0x0000000081300000|100%| O|  |TAMS 0x0000000081300000, 0x0000000081300000| Untracked 
|  19|0x0000000081300000, 0x0000000081400000, 0x0000000081400000|100%| O|  |TAMS 0x0000000081400000, 0x0000000081400000| Untracked 
|  20|0x0000000081400000, 0x0000000081500000, 0x0000000081500000|100%| O|  |TAMS 0x0000000081500000, 0x0000000081500000| Untracked 
|  21|0x0000000081500000, 0x0000000081600000, 0x0000000081600000|100%| O|  |TAMS 0x0000000081600000, 0x0000000081600000| Untracked 
|  22|0x0000000081600000, 0x0000000081700000, 0x0000000081700000|100%| O|  |TAMS 0x0000000081700000, 0x0000000081700000| Untracked 
|  23|0x0000000081700000, 0x0000000081800000, 0x0000000081800000|100%| O|  |TAMS 0x0000000081800000, 0x0000000081800000| Untracked 
|  24|0x0000000081800000, 0x0000000081900000, 0x0000000081900000|100%| O|  |TAMS 0x0000000081900000, 0x0000000081900000| Untracked 
|  25|0x0000000081900000, 0x0000000081a00000, 0x0000000081a00000|100%| O|  |TAMS 0x0000000081a00000, 0x0000000081a00000| Untracked 
|  26|0x0000000081a00000, 0x0000000081b00000, 0x0000000081b00000|100%| O|  |TAMS 0x0000000081b00000, 0x0000000081b00000| Untracked 
|  27|0x0000000081b00000, 0x0000000081c00000, 0x0000000081c00000|100%| O|  |TAMS 0x0000000081c00000, 0x0000000081c00000| Untracked 
|  28|0x0000000081c00000, 0x0000000081d00000, 0x0000000081d00000|100%| O|  |TAMS 0x0000000081d00000, 0x0000000081d00000| Untracked 
|  29|0x0000000081d00000, 0x0000000081e00000, 0x0000000081e00000|100%| O|  |TAMS 0x0000000081e00000, 0x0000000081e00000| Untracked 
|  30|0x0000000081e00000, 0x0000000081f00000, 0x0000000081f00000|100%| O|  |TAMS 0x0000000081f00000, 0x0000000081f00000| Untracked 
|  31|0x0000000081f00000, 0x0000000082000000, 0x0000000082000000|100%| O|  |TAMS 0x0000000082000000, 0x0000000082000000| Untracked 
|  32|0x0000000082000000, 0x0000000082100000, 0x0000000082100000|100%|HS|  |TAMS 0x0000000082100000, 0x0000000082100000| Complete 
|  33|0x0000000082100000, 0x0000000082200000, 0x0000000082200000|100%|HS|  |TAMS 0x0000000082200000, 0x0000000082200000| Complete 
|  34|0x0000000082200000, 0x0000000082300000, 0x0000000082300000|100%| O|  |TAMS 0x0000000082300000, 0x0000000082300000| Untracked 
|  35|0x0000000082300000, 0x0000000082400000, 0x0000000082400000|100%| O|  |TAMS 0x0000000082400000, 0x0000000082400000| Untracked 
|  36|0x0000000082400000, 0x0000000082500000, 0x0000000082500000|100%| O|  |TAMS 0x0000000082500000, 0x0000000082500000| Untracked 
|  37|0x0000000082500000, 0x0000000082600000, 0x0000000082600000|100%| O|  |TAMS 0x0000000082600000, 0x0000000082600000| Untracked 
|  38|0x0000000082600000, 0x0000000082700000, 0x0000000082700000|100%|HS|  |TAMS 0x0000000082700000, 0x0000000082700000| Complete 
|  39|0x0000000082700000, 0x0000000082800000, 0x0000000082800000|100%|HC|  |TAMS 0x0000000082800000, 0x0000000082800000| Complete 
|  40|0x0000000082800000, 0x0000000082900000, 0x0000000082900000|100%| O|  |TAMS 0x0000000082900000, 0x0000000082900000| Untracked 
|  41|0x0000000082900000, 0x0000000082a00000, 0x0000000082a00000|100%| O|  |TAMS 0x0000000082a00000, 0x0000000082a00000| Untracked 
|  42|0x0000000082a00000, 0x0000000082b00000, 0x0000000082b00000|100%| O|  |TAMS 0x0000000082b00000, 0x0000000082b00000| Untracked 
|  43|0x0000000082b00000, 0x0000000082c00000, 0x0000000082c00000|100%| O|  |TAMS 0x0000000082c00000, 0x0000000082c00000| Untracked 
|  44|0x0000000082c00000, 0x0000000082d00000, 0x0000000082d00000|100%| O|  |TAMS 0x0000000082d00000, 0x0000000082d00000| Untracked 
|  45|0x0000000082d00000, 0x0000000082e00000, 0x0000000082e00000|100%| O|  |TAMS 0x0000000082e00000, 0x0000000082e00000| Untracked 
|  46|0x0000000082e00000, 0x0000000082f00000, 0x0000000082f00000|100%| O|  |TAMS 0x0000000082f00000, 0x0000000082f00000| Untracked 
|  47|0x0000000082f00000, 0x0000000083000000, 0x0000000083000000|100%| O|  |TAMS 0x0000000083000000, 0x0000000083000000| Untracked 
|  48|0x0000000083000000, 0x0000000083100000, 0x0000000083100000|100%| O|  |TAMS 0x0000000083100000, 0x0000000083100000| Untracked 
|  49|0x0000000083100000, 0x0000000083200000, 0x0000000083200000|100%| O|  |TAMS 0x0000000083200000, 0x0000000083200000| Untracked 
|  50|0x0000000083200000, 0x0000000083300000, 0x0000000083300000|100%| O|  |TAMS 0x0000000083300000, 0x0000000083300000| Untracked 
|  51|0x0000000083300000, 0x0000000083400000, 0x0000000083400000|100%| O|  |TAMS 0x0000000083400000, 0x0000000083400000| Untracked 
|  52|0x0000000083400000, 0x0000000083500000, 0x0000000083500000|100%| O|  |TAMS 0x0000000083500000, 0x0000000083500000| Untracked 
|  53|0x0000000083500000, 0x0000000083600000, 0x0000000083600000|100%| O|  |TAMS 0x0000000083600000, 0x0000000083600000| Untracked 
|  54|0x0000000083600000, 0x0000000083700000, 0x0000000083700000|100%| O|  |TAMS 0x0000000083700000, 0x0000000083700000| Untracked 
|  55|0x0000000083700000, 0x0000000083800000, 0x0000000083800000|100%| O|  |TAMS 0x0000000083800000, 0x0000000083800000| Untracked 
|  56|0x0000000083800000, 0x0000000083900000, 0x0000000083900000|100%| O|  |TAMS 0x0000000083900000, 0x0000000083900000| Untracked 
|  57|0x0000000083900000, 0x0000000083a00000, 0x0000000083a00000|100%| O|  |TAMS 0x0000000083a00000, 0x0000000083a00000| Untracked 
|  58|0x0000000083a00000, 0x0000000083a00000, 0x0000000083b00000|  0%| F|  |TAMS 0x0000000083a00000, 0x0000000083a00000| Untracked 
|  59|0x0000000083b00000, 0x0000000083c00000, 0x0000000083c00000|100%| O|  |TAMS 0x0000000083c00000, 0x0000000083c00000| Untracked 
|  60|0x0000000083c00000, 0x0000000083d00000, 0x0000000083d00000|100%| O|  |TAMS 0x0000000083d00000, 0x0000000083d00000| Untracked 
|  61|0x0000000083d00000, 0x0000000083e00000, 0x0000000083e00000|100%| O|  |TAMS 0x0000000083e00000, 0x0000000083e00000| Untracked 
|  62|0x0000000083e00000, 0x0000000083f00000, 0x0000000083f00000|100%| O|  |TAMS 0x0000000083e00000, 0x0000000083f00000| Untracked 
|  63|0x0000000083f00000, 0x0000000084000000, 0x0000000084000000|100%| O|  |TAMS 0x0000000084000000, 0x0000000084000000| Untracked 
|  64|0x0000000084000000, 0x0000000084100000, 0x0000000084100000|100%| O|  |TAMS 0x0000000084100000, 0x0000000084100000| Untracked 
|  65|0x0000000084100000, 0x0000000084200000, 0x0000000084200000|100%| O|  |TAMS 0x0000000084200000, 0x0000000084200000| Untracked 
|  66|0x0000000084200000, 0x0000000084300000, 0x0000000084300000|100%| O|  |TAMS 0x0000000084300000, 0x0000000084300000| Untracked 
|  67|0x0000000084300000, 0x0000000084400000, 0x0000000084400000|100%| O|  |TAMS 0x0000000084400000, 0x0000000084400000| Untracked 
|  68|0x0000000084400000, 0x0000000084500000, 0x0000000084500000|100%| O|  |TAMS 0x0000000084500000, 0x0000000084500000| Untracked 
|  69|0x0000000084500000, 0x0000000084600000, 0x0000000084600000|100%| O|  |TAMS 0x0000000084600000, 0x0000000084600000| Untracked 
|  70|0x0000000084600000, 0x0000000084600000, 0x0000000084700000|  0%| F|  |TAMS 0x0000000084600000, 0x0000000084600000| Untracked 
|  71|0x0000000084700000, 0x0000000084800000, 0x0000000084800000|100%| O|  |TAMS 0x0000000084700000, 0x0000000084800000| Untracked 
|  72|0x0000000084800000, 0x0000000084900000, 0x0000000084900000|100%| O|  |TAMS 0x0000000084900000, 0x0000000084900000| Untracked 
|  73|0x0000000084900000, 0x0000000084a00000, 0x0000000084a00000|100%| O|  |TAMS 0x0000000084a00000, 0x0000000084a00000| Untracked 
|  74|0x0000000084a00000, 0x0000000084b00000, 0x0000000084b00000|100%| O|  |TAMS 0x0000000084b00000, 0x0000000084b00000| Untracked 
|  75|0x0000000084b00000, 0x0000000084c00000, 0x0000000084c00000|100%| O|  |TAMS 0x0000000084c00000, 0x0000000084c00000| Untracked 
|  76|0x0000000084c00000, 0x0000000084d00000, 0x0000000084d00000|100%| O|  |TAMS 0x0000000084d00000, 0x0000000084d00000| Untracked 
|  77|0x0000000084d00000, 0x0000000084e00000, 0x0000000084e00000|100%| O|  |TAMS 0x0000000084e00000, 0x0000000084e00000| Untracked 
|  78|0x0000000084e00000, 0x0000000084f00000, 0x0000000084f00000|100%| O|  |TAMS 0x0000000084f00000, 0x0000000084f00000| Untracked 
|  79|0x0000000084f00000, 0x0000000085000000, 0x0000000085000000|100%| O|  |TAMS 0x0000000085000000, 0x0000000085000000| Untracked 
|  80|0x0000000085000000, 0x0000000085100000, 0x0000000085100000|100%| O|  |TAMS 0x0000000085100000, 0x0000000085100000| Untracked 
|  81|0x0000000085100000, 0x0000000085200000, 0x0000000085200000|100%| O|  |TAMS 0x0000000085200000, 0x0000000085200000| Untracked 
|  82|0x0000000085200000, 0x0000000085300000, 0x0000000085300000|100%| O|  |TAMS 0x0000000085300000, 0x0000000085300000| Untracked 
|  83|0x0000000085300000, 0x0000000085400000, 0x0000000085400000|100%| O|  |TAMS 0x0000000085400000, 0x0000000085400000| Untracked 
|  84|0x0000000085400000, 0x0000000085500000, 0x0000000085500000|100%|HS|  |TAMS 0x0000000085500000, 0x0000000085500000| Complete 
|  85|0x0000000085500000, 0x0000000085600000, 0x0000000085600000|100%| O|  |TAMS 0x0000000085600000, 0x0000000085600000| Untracked 
|  86|0x0000000085600000, 0x0000000085600000, 0x0000000085700000|  0%| F|  |TAMS 0x0000000085600000, 0x0000000085600000| Untracked 
|  87|0x0000000085700000, 0x00000000857bc400, 0x0000000085800000| 73%| O|  |TAMS 0x0000000085700000, 0x00000000857bc400| Untracked 
|  88|0x0000000085800000, 0x0000000085900000, 0x0000000085900000|100%|HS|  |TAMS 0x0000000085900000, 0x0000000085900000| Complete 
|  89|0x0000000085900000, 0x0000000085900000, 0x0000000085a00000|  0%| F|  |TAMS 0x0000000085900000, 0x0000000085900000| Untracked 
|  90|0x0000000085a00000, 0x0000000085b00000, 0x0000000085b00000|100%|HS|  |TAMS 0x0000000085b00000, 0x0000000085b00000| Complete 
|  91|0x0000000085b00000, 0x0000000085c00000, 0x0000000085c00000|100%|HC|  |TAMS 0x0000000085c00000, 0x0000000085c00000| Complete 
|  92|0x0000000085c00000, 0x0000000085d00000, 0x0000000085d00000|100%|HS|  |TAMS 0x0000000085d00000, 0x0000000085d00000| Complete 
|  93|0x0000000085d00000, 0x0000000085e00000, 0x0000000085e00000|100%|HC|  |TAMS 0x0000000085e00000, 0x0000000085e00000| Complete 
|  94|0x0000000085e00000, 0x0000000085f00000, 0x0000000085f00000|100%|HC|  |TAMS 0x0000000085f00000, 0x0000000085f00000| Complete 
|  95|0x0000000085f00000, 0x0000000086000000, 0x0000000086000000|100%| O|  |TAMS 0x0000000086000000, 0x0000000086000000| Untracked 
|  96|0x0000000086000000, 0x0000000086100000, 0x0000000086100000|100%| O|  |TAMS 0x0000000086100000, 0x0000000086100000| Untracked 
|  97|0x0000000086100000, 0x0000000086200000, 0x0000000086200000|100%| O|  |TAMS 0x0000000086200000, 0x0000000086200000| Untracked 
|  98|0x0000000086200000, 0x0000000086200000, 0x0000000086300000|  0%| F|  |TAMS 0x0000000086200000, 0x0000000086200000| Untracked 
|  99|0x0000000086300000, 0x0000000086400000, 0x0000000086400000|100%| O|  |TAMS 0x0000000086400000, 0x0000000086400000| Untracked 
| 100|0x0000000086400000, 0x0000000086400000, 0x0000000086500000|  0%| F|  |TAMS 0x0000000086400000, 0x0000000086400000| Untracked 
| 101|0x0000000086500000, 0x0000000086600000, 0x0000000086600000|100%| O|  |TAMS 0x0000000086600000, 0x0000000086600000| Untracked 
| 102|0x0000000086600000, 0x0000000086700000, 0x0000000086700000|100%| O|  |TAMS 0x0000000086700000, 0x0000000086700000| Untracked 
| 103|0x0000000086700000, 0x0000000086700000, 0x0000000086800000|  0%| F|  |TAMS 0x0000000086700000, 0x0000000086700000| Untracked 
| 104|0x0000000086800000, 0x0000000086900000, 0x0000000086900000|100%| O|  |TAMS 0x0000000086900000, 0x0000000086900000| Untracked 
| 105|0x0000000086900000, 0x0000000086a00000, 0x0000000086a00000|100%| O|  |TAMS 0x0000000086a00000, 0x0000000086a00000| Untracked 
| 106|0x0000000086a00000, 0x0000000086b00000, 0x0000000086b00000|100%| O|  |TAMS 0x0000000086b00000, 0x0000000086b00000| Untracked 
| 107|0x0000000086b00000, 0x0000000086c00000, 0x0000000086c00000|100%| O|  |TAMS 0x0000000086bb3800, 0x0000000086c00000| Untracked 
| 108|0x0000000086c00000, 0x0000000086d00000, 0x0000000086d00000|100%|HS|  |TAMS 0x0000000086d00000, 0x0000000086d00000| Complete 
| 109|0x0000000086d00000, 0x0000000086e00000, 0x0000000086e00000|100%| O|  |TAMS 0x0000000086e00000, 0x0000000086e00000| Untracked 
| 110|0x0000000086e00000, 0x0000000086f00000, 0x0000000086f00000|100%| O|  |TAMS 0x0000000086f00000, 0x0000000086f00000| Untracked 
| 111|0x0000000086f00000, 0x0000000087000000, 0x0000000087000000|100%| O|  |TAMS 0x0000000087000000, 0x0000000087000000| Untracked 
| 112|0x0000000087000000, 0x0000000087100000, 0x0000000087100000|100%| O|  |TAMS 0x0000000087100000, 0x0000000087100000| Untracked 
| 113|0x0000000087100000, 0x0000000087200000, 0x0000000087200000|100%| O|  |TAMS 0x0000000087200000, 0x0000000087200000| Untracked 
| 114|0x0000000087200000, 0x0000000087200000, 0x0000000087300000|  0%| F|  |TAMS 0x0000000087200000, 0x0000000087200000| Untracked 
| 115|0x0000000087300000, 0x0000000087300000, 0x0000000087400000|  0%| F|  |TAMS 0x0000000087300000, 0x0000000087300000| Untracked 
| 116|0x0000000087400000, 0x0000000087400000, 0x0000000087500000|  0%| F|  |TAMS 0x0000000087400000, 0x0000000087400000| Untracked 
| 117|0x0000000087500000, 0x0000000087600000, 0x0000000087600000|100%| O|  |TAMS 0x0000000087600000, 0x0000000087600000| Untracked 
| 118|0x0000000087600000, 0x0000000087700000, 0x0000000087700000|100%|HS|  |TAMS 0x0000000087700000, 0x0000000087700000| Complete 
| 119|0x0000000087700000, 0x0000000087800000, 0x0000000087800000|100%|HC|  |TAMS 0x0000000087800000, 0x0000000087800000| Complete 
| 120|0x0000000087800000, 0x0000000087900000, 0x0000000087900000|100%|HC|  |TAMS 0x0000000087900000, 0x0000000087900000| Complete 
| 121|0x0000000087900000, 0x0000000087a00000, 0x0000000087a00000|100%|HC|  |TAMS 0x0000000087a00000, 0x0000000087a00000| Complete 
| 122|0x0000000087a00000, 0x0000000087b00000, 0x0000000087b00000|100%|HS|  |TAMS 0x0000000087b00000, 0x0000000087b00000| Complete 
| 123|0x0000000087b00000, 0x0000000087c00000, 0x0000000087c00000|100%|HC|  |TAMS 0x0000000087c00000, 0x0000000087c00000| Complete 
| 124|0x0000000087c00000, 0x0000000087d00000, 0x0000000087d00000|100%|HC|  |TAMS 0x0000000087d00000, 0x0000000087d00000| Complete 
| 125|0x0000000087d00000, 0x0000000087e00000, 0x0000000087e00000|100%|HS|  |TAMS 0x0000000087e00000, 0x0000000087e00000| Complete 
| 126|0x0000000087e00000, 0x0000000087f00000, 0x0000000087f00000|100%|HC|  |TAMS 0x0000000087f00000, 0x0000000087f00000| Complete 
| 127|0x0000000087f00000, 0x0000000088000000, 0x0000000088000000|100%|HC|  |TAMS 0x0000000088000000, 0x0000000088000000| Complete 
| 128|0x0000000088000000, 0x0000000088100000, 0x0000000088100000|100%|HC|  |TAMS 0x0000000088100000, 0x0000000088100000| Complete 
| 129|0x0000000088100000, 0x0000000088200000, 0x0000000088200000|100%|HS|  |TAMS 0x0000000088200000, 0x0000000088200000| Complete 
| 130|0x0000000088200000, 0x0000000088300000, 0x0000000088300000|100%|HC|  |TAMS 0x0000000088300000, 0x0000000088300000| Complete 
| 131|0x0000000088300000, 0x0000000088400000, 0x0000000088400000|100%|HS|  |TAMS 0x0000000088400000, 0x0000000088400000| Complete 
| 132|0x0000000088400000, 0x0000000088500000, 0x0000000088500000|100%|HC|  |TAMS 0x0000000088500000, 0x0000000088500000| Complete 
| 133|0x0000000088500000, 0x0000000088600000, 0x0000000088600000|100%|HC|  |TAMS 0x0000000088600000, 0x0000000088600000| Complete 
| 134|0x0000000088600000, 0x0000000088700000, 0x0000000088700000|100%|HS|  |TAMS 0x0000000088700000, 0x0000000088700000| Complete 
| 135|0x0000000088700000, 0x0000000088800000, 0x0000000088800000|100%|HC|  |TAMS 0x0000000088800000, 0x0000000088800000| Complete 
| 136|0x0000000088800000, 0x0000000088900000, 0x0000000088900000|100%|HC|  |TAMS 0x0000000088900000, 0x0000000088900000| Complete 
| 137|0x0000000088900000, 0x0000000088a00000, 0x0000000088a00000|100%|HC|  |TAMS 0x0000000088a00000, 0x0000000088a00000| Complete 
| 138|0x0000000088a00000, 0x0000000088b00000, 0x0000000088b00000|100%| O|  |TAMS 0x0000000088b00000, 0x0000000088b00000| Untracked 
| 139|0x0000000088b00000, 0x0000000088c00000, 0x0000000088c00000|100%| O|  |TAMS 0x0000000088c00000, 0x0000000088c00000| Untracked 
| 140|0x0000000088c00000, 0x0000000088c00000, 0x0000000088d00000|  0%| F|  |TAMS 0x0000000088c00000, 0x0000000088c00000| Untracked 
| 141|0x0000000088d00000, 0x0000000088e00000, 0x0000000088e00000|100%| O|  |TAMS 0x0000000088e00000, 0x0000000088e00000| Untracked 
| 142|0x0000000088e00000, 0x0000000088f00000, 0x0000000088f00000|100%| O|  |TAMS 0x0000000088f00000, 0x0000000088f00000| Untracked 
| 143|0x0000000088f00000, 0x0000000088f00000, 0x0000000089000000|  0%| F|  |TAMS 0x0000000088f00000, 0x0000000088f00000| Untracked 
| 144|0x0000000089000000, 0x0000000089100000, 0x0000000089100000|100%| O|  |TAMS 0x0000000089100000, 0x0000000089100000| Untracked 
| 145|0x0000000089100000, 0x0000000089100000, 0x0000000089200000|  0%| F|  |TAMS 0x0000000089100000, 0x0000000089100000| Untracked 
| 146|0x0000000089200000, 0x0000000089300000, 0x0000000089300000|100%| O|  |TAMS 0x0000000089300000, 0x0000000089300000| Untracked 
| 147|0x0000000089300000, 0x0000000089400000, 0x0000000089400000|100%| O|  |TAMS 0x0000000089400000, 0x0000000089400000| Untracked 
| 148|0x0000000089400000, 0x0000000089500000, 0x0000000089500000|100%| O|  |TAMS 0x0000000089500000, 0x0000000089500000| Untracked 
| 149|0x0000000089500000, 0x0000000089500000, 0x0000000089600000|  0%| F|  |TAMS 0x0000000089500000, 0x0000000089500000| Untracked 
| 150|0x0000000089600000, 0x0000000089600000, 0x0000000089700000|  0%| F|  |TAMS 0x0000000089600000, 0x0000000089600000| Untracked 
| 151|0x0000000089700000, 0x0000000089700000, 0x0000000089800000|  0%| F|  |TAMS 0x0000000089700000, 0x0000000089700000| Untracked 
| 152|0x0000000089800000, 0x0000000089900000, 0x0000000089900000|100%| O|  |TAMS 0x0000000089900000, 0x0000000089900000| Untracked 
| 153|0x0000000089900000, 0x0000000089a00000, 0x0000000089a00000|100%| O|  |TAMS 0x0000000089a00000, 0x0000000089a00000| Untracked 
| 154|0x0000000089a00000, 0x0000000089b00000, 0x0000000089b00000|100%| O|  |TAMS 0x0000000089b00000, 0x0000000089b00000| Untracked 
| 155|0x0000000089b00000, 0x0000000089c00000, 0x0000000089c00000|100%| O|  |TAMS 0x0000000089c00000, 0x0000000089c00000| Untracked 
| 156|0x0000000089c00000, 0x0000000089d00000, 0x0000000089d00000|100%| O|  |TAMS 0x0000000089d00000, 0x0000000089d00000| Untracked 
| 157|0x0000000089d00000, 0x0000000089d00000, 0x0000000089e00000|  0%| F|  |TAMS 0x0000000089d00000, 0x0000000089d00000| Untracked 
| 158|0x0000000089e00000, 0x0000000089e00000, 0x0000000089f00000|  0%| F|  |TAMS 0x0000000089e00000, 0x0000000089e00000| Untracked 
| 159|0x0000000089f00000, 0x0000000089f00000, 0x000000008a000000|  0%| F|  |TAMS 0x0000000089f00000, 0x0000000089f00000| Untracked 
| 160|0x000000008a000000, 0x000000008a000000, 0x000000008a100000|  0%| F|  |TAMS 0x000000008a000000, 0x000000008a000000| Untracked 
| 161|0x000000008a100000, 0x000000008a100000, 0x000000008a200000|  0%| F|  |TAMS 0x000000008a100000, 0x000000008a100000| Untracked 
| 162|0x000000008a200000, 0x000000008a300000, 0x000000008a300000|100%| O|  |TAMS 0x000000008a300000, 0x000000008a300000| Untracked 
| 163|0x000000008a300000, 0x000000008a400000, 0x000000008a400000|100%| O|  |TAMS 0x000000008a400000, 0x000000008a400000| Untracked 
| 164|0x000000008a400000, 0x000000008a500000, 0x000000008a500000|100%| O|  |TAMS 0x000000008a500000, 0x000000008a500000| Untracked 
| 165|0x000000008a500000, 0x000000008a600000, 0x000000008a600000|100%| O|  |TAMS 0x000000008a600000, 0x000000008a600000| Untracked 
| 166|0x000000008a600000, 0x000000008a700000, 0x000000008a700000|100%| O|  |TAMS 0x000000008a700000, 0x000000008a700000| Untracked 
| 167|0x000000008a700000, 0x000000008a700000, 0x000000008a800000|  0%| F|  |TAMS 0x000000008a700000, 0x000000008a700000| Untracked 
| 168|0x000000008a800000, 0x000000008a800000, 0x000000008a900000|  0%| F|  |TAMS 0x000000008a800000, 0x000000008a800000| Untracked 
| 169|0x000000008a900000, 0x000000008a900000, 0x000000008aa00000|  0%| F|  |TAMS 0x000000008a900000, 0x000000008a900000| Untracked 
| 170|0x000000008aa00000, 0x000000008aa00000, 0x000000008ab00000|  0%| F|  |TAMS 0x000000008aa00000, 0x000000008aa00000| Untracked 
| 171|0x000000008ab00000, 0x000000008ab00000, 0x000000008ac00000|  0%| F|  |TAMS 0x000000008ab00000, 0x000000008ab00000| Untracked 
| 172|0x000000008ac00000, 0x000000008ac00000, 0x000000008ad00000|  0%| F|  |TAMS 0x000000008ac00000, 0x000000008ac00000| Untracked 
| 173|0x000000008ad00000, 0x000000008ae00000, 0x000000008ae00000|100%| O|  |TAMS 0x000000008ae00000, 0x000000008ae00000| Untracked 
| 174|0x000000008ae00000, 0x000000008af00000, 0x000000008af00000|100%| O|  |TAMS 0x000000008af00000, 0x000000008af00000| Untracked 
| 175|0x000000008af00000, 0x000000008b000000, 0x000000008b000000|100%| O|  |TAMS 0x000000008b000000, 0x000000008b000000| Untracked 
| 176|0x000000008b000000, 0x000000008b100000, 0x000000008b100000|100%| O|  |TAMS 0x000000008b100000, 0x000000008b100000| Untracked 
| 177|0x000000008b100000, 0x000000008b100000, 0x000000008b200000|  0%| F|  |TAMS 0x000000008b100000, 0x000000008b100000| Untracked 
| 178|0x000000008b200000, 0x000000008b300000, 0x000000008b300000|100%| O|  |TAMS 0x000000008b300000, 0x000000008b300000| Untracked 
| 179|0x000000008b300000, 0x000000008b400000, 0x000000008b400000|100%| O|  |TAMS 0x000000008b400000, 0x000000008b400000| Untracked 
| 180|0x000000008b400000, 0x000000008b400000, 0x000000008b500000|  0%| F|  |TAMS 0x000000008b400000, 0x000000008b400000| Untracked 
| 181|0x000000008b500000, 0x000000008b500000, 0x000000008b600000|  0%| F|  |TAMS 0x000000008b500000, 0x000000008b500000| Untracked 
| 182|0x000000008b600000, 0x000000008b600000, 0x000000008b700000|  0%| F|  |TAMS 0x000000008b600000, 0x000000008b600000| Untracked 
| 183|0x000000008b700000, 0x000000008b700000, 0x000000008b800000|  0%| F|  |TAMS 0x000000008b700000, 0x000000008b700000| Untracked 
| 184|0x000000008b800000, 0x000000008b800000, 0x000000008b900000|  0%| F|  |TAMS 0x000000008b800000, 0x000000008b800000| Untracked 
| 185|0x000000008b900000, 0x000000008b900000, 0x000000008ba00000|  0%| F|  |TAMS 0x000000008b900000, 0x000000008b900000| Untracked 
| 186|0x000000008ba00000, 0x000000008ba00000, 0x000000008bb00000|  0%| F|  |TAMS 0x000000008ba00000, 0x000000008ba00000| Untracked 
| 187|0x000000008bb00000, 0x000000008bb00000, 0x000000008bc00000|  0%| F|  |TAMS 0x000000008bb00000, 0x000000008bb00000| Untracked 
| 188|0x000000008bc00000, 0x000000008bc00000, 0x000000008bd00000|  0%| F|  |TAMS 0x000000008bc00000, 0x000000008bc00000| Untracked 
| 189|0x000000008bd00000, 0x000000008bd00000, 0x000000008be00000|  0%| F|  |TAMS 0x000000008bd00000, 0x000000008bd00000| Untracked 
| 190|0x000000008be00000, 0x000000008be00000, 0x000000008bf00000|  0%| F|  |TAMS 0x000000008be00000, 0x000000008be00000| Untracked 
| 191|0x000000008bf00000, 0x000000008bf00000, 0x000000008c000000|  0%| F|  |TAMS 0x000000008bf00000, 0x000000008bf00000| Untracked 
| 192|0x000000008c000000, 0x000000008c000000, 0x000000008c100000|  0%| F|  |TAMS 0x000000008c000000, 0x000000008c000000| Untracked 
| 193|0x000000008c100000, 0x000000008c100000, 0x000000008c200000|  0%| F|  |TAMS 0x000000008c100000, 0x000000008c100000| Untracked 
| 194|0x000000008c200000, 0x000000008c200000, 0x000000008c300000|  0%| F|  |TAMS 0x000000008c200000, 0x000000008c200000| Untracked 
| 195|0x000000008c300000, 0x000000008c300000, 0x000000008c400000|  0%| F|  |TAMS 0x000000008c300000, 0x000000008c300000| Untracked 
| 196|0x000000008c400000, 0x000000008c400000, 0x000000008c500000|  0%| F|  |TAMS 0x000000008c400000, 0x000000008c400000| Untracked 
| 197|0x000000008c500000, 0x000000008c5f9b78, 0x000000008c600000| 97%| S|CS|TAMS 0x000000008c500000, 0x000000008c500000| Complete 
| 198|0x000000008c600000, 0x000000008c700000, 0x000000008c700000|100%| S|CS|TAMS 0x000000008c600000, 0x000000008c600000| Complete 
| 199|0x000000008c700000, 0x000000008c700000, 0x000000008c800000|  0%| F|  |TAMS 0x000000008c700000, 0x000000008c700000| Untracked 
| 200|0x000000008c800000, 0x000000008c800000, 0x000000008c900000|  0%| F|  |TAMS 0x000000008c800000, 0x000000008c800000| Untracked 
| 201|0x000000008c900000, 0x000000008c900000, 0x000000008ca00000|  0%| F|  |TAMS 0x000000008c900000, 0x000000008c900000| Untracked 
| 202|0x000000008ca00000, 0x000000008ca00000, 0x000000008cb00000|  0%| F|  |TAMS 0x000000008ca00000, 0x000000008ca00000| Untracked 
| 203|0x000000008cb00000, 0x000000008cb00000, 0x000000008cc00000|  0%| F|  |TAMS 0x000000008cb00000, 0x000000008cb00000| Untracked 
| 204|0x000000008cc00000, 0x000000008cc00000, 0x000000008cd00000|  0%| F|  |TAMS 0x000000008cc00000, 0x000000008cc00000| Untracked 
| 205|0x000000008cd00000, 0x000000008cd00000, 0x000000008ce00000|  0%| F|  |TAMS 0x000000008cd00000, 0x000000008cd00000| Untracked 
| 206|0x000000008ce00000, 0x000000008ce00000, 0x000000008cf00000|  0%| F|  |TAMS 0x000000008ce00000, 0x000000008ce00000| Untracked 
| 207|0x000000008cf00000, 0x000000008cf00000, 0x000000008d000000|  0%| F|  |TAMS 0x000000008cf00000, 0x000000008cf00000| Untracked 
| 208|0x000000008d000000, 0x000000008d000000, 0x000000008d100000|  0%| F|  |TAMS 0x000000008d000000, 0x000000008d000000| Untracked 
| 209|0x000000008d100000, 0x000000008d100000, 0x000000008d200000|  0%| F|  |TAMS 0x000000008d100000, 0x000000008d100000| Untracked 
| 210|0x000000008d200000, 0x000000008d200000, 0x000000008d300000|  0%| F|  |TAMS 0x000000008d200000, 0x000000008d200000| Untracked 
| 211|0x000000008d300000, 0x000000008d300000, 0x000000008d400000|  0%| F|  |TAMS 0x000000008d300000, 0x000000008d300000| Untracked 
| 212|0x000000008d400000, 0x000000008d400000, 0x000000008d500000|  0%| F|  |TAMS 0x000000008d400000, 0x000000008d400000| Untracked 
| 213|0x000000008d500000, 0x000000008d500000, 0x000000008d600000|  0%| F|  |TAMS 0x000000008d500000, 0x000000008d500000| Untracked 
| 214|0x000000008d600000, 0x000000008d600000, 0x000000008d700000|  0%| F|  |TAMS 0x000000008d600000, 0x000000008d600000| Untracked 
| 215|0x000000008d700000, 0x000000008d700000, 0x000000008d800000|  0%| F|  |TAMS 0x000000008d700000, 0x000000008d700000| Untracked 
| 216|0x000000008d800000, 0x000000008d800000, 0x000000008d900000|  0%| F|  |TAMS 0x000000008d800000, 0x000000008d800000| Untracked 
| 217|0x000000008d900000, 0x000000008d900000, 0x000000008da00000|  0%| F|  |TAMS 0x000000008d900000, 0x000000008d900000| Untracked 
| 218|0x000000008da00000, 0x000000008da00000, 0x000000008db00000|  0%| F|  |TAMS 0x000000008da00000, 0x000000008da00000| Untracked 
| 219|0x000000008db00000, 0x000000008db00000, 0x000000008dc00000|  0%| F|  |TAMS 0x000000008db00000, 0x000000008db00000| Untracked 
| 220|0x000000008dc00000, 0x000000008dc00000, 0x000000008dd00000|  0%| F|  |TAMS 0x000000008dc00000, 0x000000008dc00000| Untracked 
| 221|0x000000008dd00000, 0x000000008dd00000, 0x000000008de00000|  0%| F|  |TAMS 0x000000008dd00000, 0x000000008dd00000| Untracked 
| 222|0x000000008de00000, 0x000000008de00000, 0x000000008df00000|  0%| F|  |TAMS 0x000000008de00000, 0x000000008de00000| Untracked 
| 223|0x000000008df00000, 0x000000008df00000, 0x000000008e000000|  0%| F|  |TAMS 0x000000008df00000, 0x000000008df00000| Untracked 
| 224|0x000000008e000000, 0x000000008e000000, 0x000000008e100000|  0%| F|  |TAMS 0x000000008e000000, 0x000000008e000000| Untracked 
| 225|0x000000008e100000, 0x000000008e100000, 0x000000008e200000|  0%| F|  |TAMS 0x000000008e100000, 0x000000008e100000| Untracked 
| 226|0x000000008e200000, 0x000000008e200000, 0x000000008e300000|  0%| F|  |TAMS 0x000000008e200000, 0x000000008e200000| Untracked 
| 227|0x000000008e300000, 0x000000008e300000, 0x000000008e400000|  0%| F|  |TAMS 0x000000008e300000, 0x000000008e300000| Untracked 
| 228|0x000000008e400000, 0x000000008e400000, 0x000000008e500000|  0%| F|  |TAMS 0x000000008e400000, 0x000000008e400000| Untracked 
| 229|0x000000008e500000, 0x000000008e500000, 0x000000008e600000|  0%| F|  |TAMS 0x000000008e500000, 0x000000008e500000| Untracked 
| 230|0x000000008e600000, 0x000000008e600000, 0x000000008e700000|  0%| F|  |TAMS 0x000000008e600000, 0x000000008e600000| Untracked 
| 231|0x000000008e700000, 0x000000008e700000, 0x000000008e800000|  0%| F|  |TAMS 0x000000008e700000, 0x000000008e700000| Untracked 
| 232|0x000000008e800000, 0x000000008e800000, 0x000000008e900000|  0%| F|  |TAMS 0x000000008e800000, 0x000000008e800000| Untracked 
| 233|0x000000008e900000, 0x000000008e900000, 0x000000008ea00000|  0%| F|  |TAMS 0x000000008e900000, 0x000000008e900000| Untracked 
| 234|0x000000008ea00000, 0x000000008ea00000, 0x000000008eb00000|  0%| F|  |TAMS 0x000000008ea00000, 0x000000008ea00000| Untracked 
| 235|0x000000008eb00000, 0x000000008eb00000, 0x000000008ec00000|  0%| F|  |TAMS 0x000000008eb00000, 0x000000008eb00000| Untracked 
| 236|0x000000008ec00000, 0x000000008ec00000, 0x000000008ed00000|  0%| F|  |TAMS 0x000000008ec00000, 0x000000008ec00000| Untracked 

Card table byte_map: [0x000002111c2c0000,0x000002111c6c0000] _byte_map_base: 0x000002111bec0000

Marking Bits (Prev, Next): (CMBitMap*) 0x000002110719b308, (CMBitMap*) 0x000002110719b340
 Prev Bits: [0x000002111cac0000, 0x000002111eac0000)
 Next Bits: [0x000002111eac0000, 0x0000021120ac0000)

Polling page: 0x0000021107230000

Metaspace:

Usage:
  Non-class:    131.36 MB capacity,   128.40 MB ( 98%) used,     2.47 MB (  2%) free+waste,   494.63 KB ( <1%) overhead. 
      Class:     20.19 MB capacity,    18.53 MB ( 92%) used,     1.44 MB (  7%) free+waste,   221.13 KB (  1%) overhead. 
       Both:    151.54 MB capacity,   146.93 MB ( 97%) used,     3.91 MB (  3%) free+waste,   715.75 KB ( <1%) overhead. 

Virtual space:
  Non-class space:      132.00 MB reserved,     131.95 MB (>99%) committed 
      Class space:        1.00 GB reserved,      20.38 MB (  2%) committed 
             Both:        1.13 GB reserved,     152.32 MB ( 13%) committed 

Chunk freelists:
   Non-Class:  480.00 KB
       Class:  161.00 KB
        Both:  641.00 KB

MaxMetaspaceSize: 17179869184.00 GB
CompressedClassSpaceSize: 1.00 GB
Initial GC threshold: 20.80 MB
Current GC threshold: 253.46 MB
CDS: off

CodeHeap 'non-profiled nmethods': size=120000Kb used=15714Kb max_used=15714Kb free=104285Kb
 bounds [0x0000021113f30000, 0x0000021114e90000, 0x000002111b460000]
CodeHeap 'profiled nmethods': size=120000Kb used=47231Kb max_used=47231Kb free=72768Kb
 bounds [0x000002110ca00000, 0x000002110f830000, 0x0000021113f30000]
CodeHeap 'non-nmethods': size=5760Kb used=2524Kb max_used=2591Kb free=3235Kb
 bounds [0x000002110c460000, 0x000002110c6f0000, 0x000002110ca00000]
 total_blobs=22914 nmethods=21865 adapters=959
 compilation: enabled
              stopped_count=0, restarted_count=0
 full_count=0

Compilation events (20 events):
Event: 2265.613 Thread 0x00000211235a1000 24145       2       org.objectweb.asm.commons.SignatureRemapper::visitSuperclass (10 bytes)
Event: 2265.614 Thread 0x00000211235a1000 nmethod 24145 0x000002110f820090 code [0x000002110f820240, 0x000002110f820368]
Event: 2265.614 Thread 0x00000211235a1000 24146       2       org.objectweb.asm.signature.SignatureWriter::visitSuperclass (6 bytes)
Event: 2265.614 Thread 0x00000211235a1000 nmethod 24146 0x000002110f820410 code [0x000002110f8205c0, 0x000002110f820708]
Event: 2265.622 Thread 0x00000211235a1000 24147       2       java.math.BigDecimal::valueOf (57 bytes)
Event: 2265.622 Thread 0x00000211235a1000 nmethod 24147 0x000002110f820810 code [0x000002110f8209e0, 0x000002110f820c98]
Event: 2265.622 Thread 0x00000211235a1000 24148       2       java.math.BigDecimal::longMultiplyPowerTen (69 bytes)
Event: 2265.623 Thread 0x00000211235a1000 nmethod 24148 0x000002110f820d90 code [0x000002110f820f40, 0x000002110f821158]
Event: 2265.627 Thread 0x00000211235a1000 24149       2       org.objectweb.asm.signature.SignatureWriter::visitFormalTypeParameter (42 bytes)
Event: 2265.627 Thread 0x00000211235a1000 nmethod 24149 0x000002110f821290 code [0x000002110f821460, 0x000002110f821608]
Event: 2265.634 Thread 0x00000211235a1000 24151   !   2       org.gradle.internal.execution.history.impl.FileSystemSnapshotSerializer$1$1::visitRegularFile (111 bytes)
Event: 2265.636 Thread 0x00000211235a1000 nmethod 24151 0x000002110f821790 code [0x000002110f8219e0, 0x000002110f821f28]
Event: 2265.636 Thread 0x00000211235a1000 24152       1       org.gradle.internal.snapshot.RegularFileSnapshot::getMetadata (5 bytes)
Event: 2265.636 Thread 0x00000211235a1000 nmethod 24152 0x0000021114e88610 code [0x0000021114e887c0, 0x0000021114e88878]
Event: 2265.638 Thread 0x00000211235a1000 24153       2       com.sun.crypto.provider.GCTR::update (185 bytes)
Event: 2265.639 Thread 0x00000211235a1000 nmethod 24153 0x000002110f822690 code [0x000002110f8228c0, 0x000002110f822f88]
Event: 2265.640 Thread 0x00000211235a1000 24154       2       org.objectweb.asm.commons.SignatureRemapper::visitTypeArgument (8 bytes)
Event: 2265.640 Thread 0x00000211235a1000 nmethod 24154 0x000002110f823310 code [0x000002110f8234c0, 0x000002110f8235e8]
Event: 2265.640 Thread 0x00000211235a1000 24155       2       org.objectweb.asm.signature.SignatureWriter::visitTypeArgument (40 bytes)
Event: 2265.641 Thread 0x00000211235a1000 nmethod 24155 0x000002110f823690 code [0x000002110f823860, 0x000002110f823a18]

GC Heap History (20 events):
Event: 2264.213 GC heap after
{Heap after GC invocations=130 (full 0):
 garbage-first heap   total 242688K, used 155203K [0x0000000080000000, 0x0000000100000000)
  region size 1024K, 3 young (3072K), 3 survivors (3072K)
 Metaspace       used 149850K, capacity 154750K, committed 155468K, reserved 1183744K
  class space    used 18979K, capacity 20687K, committed 20864K, reserved 1048576K
}
Event: 2264.297 GC heap before
{Heap before GC invocations=130 (full 0):
 garbage-first heap   total 242688K, used 183875K [0x0000000080000000, 0x0000000100000000)
  region size 1024K, 31 young (31744K), 3 survivors (3072K)
 Metaspace       used 150127K, capacity 154974K, committed 155724K, reserved 1183744K
  class space    used 18995K, capacity 20719K, committed 20864K, reserved 1048576K
}
Event: 2264.301 GC heap after
{Heap after GC invocations=131 (full 0):
 garbage-first heap   total 242688K, used 157955K [0x0000000080000000, 0x0000000100000000)
  region size 1024K, 4 young (4096K), 4 survivors (4096K)
 Metaspace       used 150127K, capacity 154974K, committed 155724K, reserved 1183744K
  class space    used 18995K, capacity 20719K, committed 20864K, reserved 1048576K
}
Event: 2264.372 GC heap before
{Heap before GC invocations=131 (full 0):
 garbage-first heap   total 242688K, used 187651K [0x0000000080000000, 0x0000000100000000)
  region size 1024K, 33 young (33792K), 4 survivors (4096K)
 Metaspace       used 150209K, capacity 155102K, committed 155724K, reserved 1183744K
  class space    used 18997K, capacity 20719K, committed 20864K, reserved 1048576K
}
Event: 2264.379 GC heap after
{Heap after GC invocations=132 (full 0):
 garbage-first heap   total 242688K, used 160219K [0x0000000080000000, 0x0000000100000000)
  region size 1024K, 3 young (3072K), 3 survivors (3072K)
 Metaspace       used 150209K, capacity 155102K, committed 155724K, reserved 1183744K
  class space    used 18997K, capacity 20719K, committed 20864K, reserved 1048576K
}
Event: 2264.519 GC heap before
{Heap before GC invocations=132 (full 0):
 garbage-first heap   total 242688K, used 190939K [0x0000000080000000, 0x0000000100000000)
  region size 1024K, 33 young (33792K), 3 survivors (3072K)
 Metaspace       used 150273K, capacity 155067K, committed 155724K, reserved 1183744K
  class space    used 18980K, capacity 20661K, committed 20864K, reserved 1048576K
}
Event: 2264.523 GC heap after
{Heap after GC invocations=133 (full 0):
 garbage-first heap   total 242688K, used 159971K [0x0000000080000000, 0x0000000100000000)
  region size 1024K, 2 young (2048K), 2 survivors (2048K)
 Metaspace       used 150273K, capacity 155067K, committed 155724K, reserved 1183744K
  class space    used 18980K, capacity 20661K, committed 20864K, reserved 1048576K
}
Event: 2264.650 GC heap before
{Heap before GC invocations=134 (full 0):
 garbage-first heap   total 242688K, used 193763K [0x0000000080000000, 0x0000000100000000)
  region size 1024K, 35 young (35840K), 2 survivors (2048K)
 Metaspace       used 150296K, capacity 155067K, committed 155724K, reserved 1183744K
  class space    used 18982K, capacity 20661K, committed 20864K, reserved 1048576K
}
Event: 2264.653 GC heap after
{Heap after GC invocations=135 (full 0):
 garbage-first heap   total 242688K, used 159959K [0x0000000080000000, 0x0000000100000000)
  region size 1024K, 2 young (2048K), 2 survivors (2048K)
 Metaspace       used 150296K, capacity 155067K, committed 155724K, reserved 1183744K
  class space    used 18982K, capacity 20661K, committed 20864K, reserved 1048576K
}
Event: 2264.686 GC heap before
{Heap before GC invocations=135 (full 0):
 garbage-first heap   total 242688K, used 169175K [0x0000000080000000, 0x0000000100000000)
  region size 1024K, 11 young (11264K), 2 survivors (2048K)
 Metaspace       used 150306K, capacity 155067K, committed 155724K, reserved 1183744K
  class space    used 18982K, capacity 20661K, committed 20864K, reserved 1048576K
}
Event: 2264.701 GC heap after
{Heap after GC invocations=136 (full 0):
 garbage-first heap   total 242688K, used 157708K [0x0000000080000000, 0x0000000100000000)
  region size 1024K, 1 young (1024K), 1 survivors (1024K)
 Metaspace       used 150306K, capacity 155067K, committed 155724K, reserved 1183744K
  class space    used 18982K, capacity 20661K, committed 20864K, reserved 1048576K
}
Event: 2264.863 GC heap before
{Heap before GC invocations=136 (full 0):
 garbage-first heap   total 242688K, used 192524K [0x0000000080000000, 0x0000000100000000)
  region size 1024K, 36 young (36864K), 1 survivors (1024K)
 Metaspace       used 150337K, capacity 155081K, committed 155724K, reserved 1183744K
  class space    used 18983K, capacity 20663K, committed 20864K, reserved 1048576K
}
Event: 2264.872 GC heap after
{Heap after GC invocations=137 (full 0):
 garbage-first heap   total 242688K, used 157996K [0x0000000080000000, 0x0000000100000000)
  region size 1024K, 1 young (1024K), 1 survivors (1024K)
 Metaspace       used 150337K, capacity 155081K, committed 155724K, reserved 1183744K
  class space    used 18983K, capacity 20663K, committed 20864K, reserved 1048576K
}
Event: 2265.413 GC heap before
{Heap before GC invocations=138 (full 0):
 garbage-first heap   total 242688K, used 194860K [0x0000000080000000, 0x0000000100000000)
  region size 1024K, 38 young (38912K), 1 survivors (1024K)
 Metaspace       used 150429K, capacity 155115K, committed 155980K, reserved 1183744K
  class space    used 18978K, capacity 20671K, committed 20864K, reserved 1048576K
}
Event: 2265.434 GC heap after
{Heap after GC invocations=139 (full 0):
 garbage-first heap   total 242688K, used 158637K [0x0000000080000000, 0x0000000100000000)
  region size 1024K, 2 young (2048K), 2 survivors (2048K)
 Metaspace       used 150429K, capacity 155115K, committed 155980K, reserved 1183744K
  class space    used 18978K, capacity 20671K, committed 20864K, reserved 1048576K
}
Event: 2265.478 GC heap before
{Heap before GC invocations=139 (full 0):
 garbage-first heap   total 242688K, used 167853K [0x0000000080000000, 0x0000000100000000)
  region size 1024K, 11 young (11264K), 2 survivors (2048K)
 Metaspace       used 150433K, capacity 155115K, committed 155980K, reserved 1183744K
  class space    used 18978K, capacity 20671K, committed 20864K, reserved 1048576K
}
Event: 2265.497 GC heap after
{Heap after GC invocations=140 (full 0):
 garbage-first heap   total 242688K, used 156776K [0x0000000080000000, 0x0000000100000000)
  region size 1024K, 2 young (2048K), 2 survivors (2048K)
 Metaspace       used 150433K, capacity 155115K, committed 155980K, reserved 1183744K
  class space    used 18978K, capacity 20671K, committed 20864K, reserved 1048576K
}
Event: 2265.504 GC heap before
{Heap before GC invocations=140 (full 0):
 garbage-first heap   total 242688K, used 156776K [0x0000000080000000, 0x0000000100000000)
  region size 1024K, 3 young (3072K), 2 survivors (2048K)
 Metaspace       used 150434K, capacity 155115K, committed 155980K, reserved 1183744K
  class space    used 18978K, capacity 20671K, committed 20864K, reserved 1048576K
}
Event: 2265.511 GC heap after
{Heap after GC invocations=141 (full 0):
 garbage-first heap   total 242688K, used 156764K [0x0000000080000000, 0x0000000100000000)
  region size 1024K, 2 young (2048K), 2 survivors (2048K)
 Metaspace       used 150434K, capacity 155115K, committed 155980K, reserved 1183744K
  class space    used 18978K, capacity 20671K, committed 20864K, reserved 1048576K
}
Event: 2265.647 GC heap before
{Heap before GC invocations=141 (full 0):
 garbage-first heap   total 242688K, used 193628K [0x0000000080000000, 0x0000000100000000)
  region size 1024K, 38 young (38912K), 2 survivors (2048K)
 Metaspace       used 150457K, capacity 155179K, committed 155980K, reserved 1183744K
  class space    used 18978K, capacity 20671K, committed 20864K, reserved 1048576K
}

Deoptimization events (20 events):
Event: 2264.328 Thread 0x000002112e36a000 DEOPT PACKING pc=0x000002110d6cb9a9 sp=0x000000dee47fa8a0
Event: 2264.328 Thread 0x000002112e36a000 DEOPT UNPACKING pc=0x000002110c4a9d0e sp=0x000000dee47f9db0 mode 0
Event: 2264.330 Thread 0x000002112e36b000 DEOPT PACKING pc=0x000002110d6cb9a9 sp=0x000000dee45faab0
Event: 2264.330 Thread 0x000002112e36b000 DEOPT UNPACKING pc=0x000002110c4a9d0e sp=0x000000dee45f9fc0 mode 0
Event: 2264.331 Thread 0x000002112e36b000 DEOPT PACKING pc=0x000002110d6cb9a9 sp=0x000000dee45faab0
Event: 2264.331 Thread 0x000002112e36b000 DEOPT UNPACKING pc=0x000002110c4a9d0e sp=0x000000dee45f9fc0 mode 0
Event: 2264.580 Thread 0x000002113365a000 DEOPT PACKING pc=0x000002110f773812 sp=0x000000dee43fb180
Event: 2264.580 Thread 0x000002113365a000 DEOPT UNPACKING pc=0x000002110c4a9d0e sp=0x000000dee43fa690 mode 0
Event: 2264.674 Thread 0x0000021133657800 Uncommon trap: trap_request=0xffffffc6 fr.pc=0x00000211140292e8 relative=0x0000000000000a48
Event: 2264.674 Thread 0x0000021133657800 Uncommon trap: reason=bimorphic_or_optimized_type_check action=maybe_recompile pc=0x00000211140292e8 method=java.io.DataOutputStream.writeShort(I)V @ 12 c2
Event: 2264.674 Thread 0x0000021133657800 DEOPT PACKING pc=0x00000211140292e8 sp=0x000000dee40fe3b0
Event: 2264.674 Thread 0x0000021133657800 DEOPT UNPACKING pc=0x000002110c4685af sp=0x000000dee40fe3b8 mode 2
Event: 2265.074 Thread 0x000002112e36e800 Uncommon trap: trap_request=0xffffff4d fr.pc=0x0000021114e7b710 relative=0x0000000000004190
Event: 2265.074 Thread 0x000002112e36e800 Uncommon trap: reason=unstable_if action=reinterpret pc=0x0000021114e7b710 method=com.android.tools.build.jetifier.core.config.Config.isEligibleForRewrite(Lcom/android/tools/build/jetifier/core/type/JavaType;)Z @ 14 c2
Event: 2265.074 Thread 0x000002112e36e800 DEOPT PACKING pc=0x0000021114e7b710 sp=0x000000dee46fab20
Event: 2265.074 Thread 0x000002112e36e800 DEOPT UNPACKING pc=0x000002110c4685af sp=0x000000dee46faa48 mode 2
Event: 2265.320 Thread 0x000002112e36e800 Uncommon trap: trap_request=0xffffff4d fr.pc=0x0000021114545108 relative=0x0000000000000148
Event: 2265.320 Thread 0x000002112e36e800 Uncommon trap: reason=unstable_if action=reinterpret pc=0x0000021114545108 method=java.util.concurrent.TimeUnit.convert(JLjava/util/concurrent/TimeUnit;)J @ 8 c2
Event: 2265.320 Thread 0x000002112e36e800 DEOPT PACKING pc=0x0000021114545108 sp=0x000000dee46fb5f0
Event: 2265.320 Thread 0x000002112e36e800 DEOPT UNPACKING pc=0x000002110c4685af sp=0x000000dee46fb5a0 mode 2

Classes redefined (0 events):
No events

Internal exceptions (20 events):
Event: 2261.260 Thread 0x000002112e36c800 Implicit null exception at 0x00000211144c116e to 0x00000211144c18d8
Event: 2262.782 Thread 0x0000021133653800 Exception <a 'java/net/SocketTimeoutException'{0x000000008e30bed0}: Read timed out> (0x000000008e30bed0) thrown at [./src/hotspot/share/prims/jni.cpp, line 636]
Event: 2263.772 Thread 0x0000021133653800 Exception <a 'java/net/SocketTimeoutException'{0x000000008e314a98}: Read timed out> (0x000000008e314a98) thrown at [./src/hotspot/share/prims/jni.cpp, line 636]
Event: 2264.236 Thread 0x000002113365b000 Implicit null exception at 0x0000021114c4b4b6 to 0x0000021114c4b56c
Event: 2264.295 Thread 0x000002113365b000 Exception <a 'sun/nio/fs/WindowsException'{0x000000008ce48cf8}> (0x000000008ce48cf8) thrown at [./src/hotspot/share/prims/jni.cpp, line 615]
Event: 2264.295 Thread 0x000002112a1e8000 Exception <a 'sun/nio/fs/WindowsException'{0x000000008cea5240}> (0x000000008cea5240) thrown at [./src/hotspot/share/prims/jni.cpp, line 615]
Event: 2264.346 Thread 0x000002112e36e800 Exception <a 'sun/nio/fs/WindowsException'{0x000000008d831738}> (0x000000008d831738) thrown at [./src/hotspot/share/prims/jni.cpp, line 615]
Event: 2264.412 Thread 0x0000021133653800 Exception <a 'sun/nio/fs/WindowsException'{0x000000008e29d978}> (0x000000008e29d978) thrown at [./src/hotspot/share/prims/jni.cpp, line 615]
Event: 2264.417 Thread 0x000002112e36a000 Exception <a 'sun/nio/fs/WindowsException'{0x000000008e002428}> (0x000000008e002428) thrown at [./src/hotspot/share/prims/jni.cpp, line 615]
Event: 2264.611 Thread 0x000002112e36b000 Exception <a 'sun/nio/fs/WindowsException'{0x000000008d36f058}> (0x000000008d36f058) thrown at [./src/hotspot/share/prims/jni.cpp, line 615]
Event: 2264.793 Thread 0x000002112a1e8000 Exception <a 'sun/nio/fs/WindowsException'{0x000000008db4f590}> (0x000000008db4f590) thrown at [./src/hotspot/share/prims/jni.cpp, line 615]
Event: 2264.809 Thread 0x000002112a035800 Exception <a 'sun/nio/fs/WindowsException'{0x000000008d68bbe8}> (0x000000008d68bbe8) thrown at [./src/hotspot/share/prims/jni.cpp, line 615]
Event: 2264.876 Thread 0x000002112a1ed800 Exception <a 'sun/nio/fs/WindowsException'{0x000000008eb09a90}> (0x000000008eb09a90) thrown at [./src/hotspot/share/prims/jni.cpp, line 615]
Event: 2264.899 Thread 0x000002112e368800 Exception <a 'sun/nio/fs/WindowsException'{0x000000008e5f9de0}> (0x000000008e5f9de0) thrown at [./src/hotspot/share/prims/jni.cpp, line 615]
Event: 2264.946 Thread 0x000002113365a000 Exception <a 'sun/nio/fs/WindowsException'{0x000000008e0771f0}> (0x000000008e0771f0) thrown at [./src/hotspot/share/prims/jni.cpp, line 615]
Event: 2265.297 Thread 0x000002112e36e800 Exception <a 'sun/nio/fs/WindowsException'{0x000000008d0e3cf0}> (0x000000008d0e3cf0) thrown at [./src/hotspot/share/prims/jni.cpp, line 615]
Event: 2265.297 Thread 0x000002112e36e800 Exception <a 'sun/nio/fs/WindowsException'{0x000000008d0e3e88}> (0x000000008d0e3e88) thrown at [./src/hotspot/share/prims/jni.cpp, line 615]
Event: 2265.301 Thread 0x000002112e36e800 Exception <a 'sun/nio/fs/WindowsException'{0x000000008d0f5fa8}> (0x000000008d0f5fa8) thrown at [./src/hotspot/share/prims/jni.cpp, line 615]
Event: 2265.304 Thread 0x000002112e36e800 Exception <a 'sun/nio/fs/WindowsException'{0x000000008d0f6258}> (0x000000008d0f6258) thrown at [./src/hotspot/share/prims/jni.cpp, line 615]
Event: 2265.600 Thread 0x000002112ceda000 Exception <a 'sun/nio/fs/WindowsException'{0x000000008cf22610}> (0x000000008cf22610) thrown at [./src/hotspot/share/prims/jni.cpp, line 615]

Events (20 events):
Event: 2265.275 Executing VM operation: CGC_Operation done
Event: 2265.291 loading class com/android/tools/build/jetifier/processor/archive/FileSearchResult
Event: 2265.291 loading class com/android/tools/build/jetifier/processor/archive/FileSearchResult done
Event: 2265.292 loading class com/android/tools/build/jetifier/processor/Processor$runSignatureDetectionFor$2$1
Event: 2265.292 loading class com/android/tools/build/jetifier/processor/Processor$runSignatureDetectionFor$2$1 done
Event: 2265.294 loading class com/android/tools/build/jetifier/processor/SignatureDetectionKt
Event: 2265.294 loading class com/android/tools/build/jetifier/processor/SignatureDetectionKt done
Event: 2265.317 loading class java/util/zip/ZipOutputStream$XEntry
Event: 2265.319 loading class java/util/zip/ZipOutputStream$XEntry done
Event: 2265.412 Executing VM operation: G1CollectForAllocation
Event: 2265.434 Executing VM operation: G1CollectForAllocation done
Event: 2265.434 Executing VM operation: RevokeBias
Event: 2265.435 Executing VM operation: RevokeBias done
Event: 2265.436 Executing VM operation: RevokeBias
Event: 2265.436 Executing VM operation: RevokeBias done
Event: 2265.478 Executing VM operation: G1CollectForAllocation
Event: 2265.497 Executing VM operation: G1CollectForAllocation done
Event: 2265.499 Executing VM operation: G1CollectForAllocation
Event: 2265.511 Executing VM operation: G1CollectForAllocation done
Event: 2265.647 Executing VM operation: G1CollectForAllocation


Dynamic libraries:
0x00007ff622f10000 - 0x00007ff622f1a000 	C:\Program Files\Android\Android Studio\jre\bin\java.exe
0x00007ffa3aeb0000 - 0x00007ffa3b0c4000 	C:\WINDOWS\SYSTEM32\ntdll.dll
0x00007ffa39fa0000 - 0x00007ffa3a062000 	C:\WINDOWS\System32\KERNEL32.DLL
0x00007ffa38540000 - 0x00007ffa388dc000 	C:\WINDOWS\System32\KERNELBASE.dll
0x00007ffa388e0000 - 0x00007ffa389f1000 	C:\WINDOWS\System32\ucrtbase.dll
0x00007ffa332e0000 - 0x00007ffa332f9000 	C:\Program Files\Android\Android Studio\jre\bin\jli.dll
0x00007ffa33200000 - 0x00007ffa33217000 	C:\Program Files\Android\Android Studio\jre\bin\VCRUNTIME140.dll
0x00007ffa39310000 - 0x00007ffa394ba000 	C:\WINDOWS\System32\USER32.dll
0x00007ffa383a0000 - 0x00007ffa383c6000 	C:\WINDOWS\System32\win32u.dll
0x00007ffa39f70000 - 0x00007ffa39f99000 	C:\WINDOWS\System32\GDI32.dll
0x00007ffa38a00000 - 0x00007ffa38b12000 	C:\WINDOWS\System32\gdi32full.dll
0x00007ffa38c10000 - 0x00007ffa38caa000 	C:\WINDOWS\System32\msvcp_win.dll
0x00007ffa1d900000 - 0x00007ffa1db8e000 	C:\WINDOWS\WinSxS\amd64_microsoft.windows.common-controls_6595b64144ccf1df_6.0.22621.608_none_a9444ca7c10bb01d\COMCTL32.dll
0x00007ffa39500000 - 0x00007ffa395a7000 	C:\WINDOWS\System32\msvcrt.dll
0x00007ffa394c0000 - 0x00007ffa394f1000 	C:\WINDOWS\System32\IMM32.DLL
0x00007ffa05520000 - 0x00007ffa055bd000 	C:\Program Files\Android\Android Studio\jre\bin\msvcp140.dll
0x00007ff9e2e10000 - 0x00007ff9e38f5000 	C:\Program Files\Android\Android Studio\jre\bin\server\jvm.dll
0x00007ffa395b0000 - 0x00007ffa3965e000 	C:\WINDOWS\System32\ADVAPI32.dll
0x00007ffa3ace0000 - 0x00007ffa3ad84000 	C:\WINDOWS\System32\sechost.dll
0x00007ffa3abc0000 - 0x00007ffa3acd5000 	C:\WINDOWS\System32\RPCRT4.dll
0x00007ffa39720000 - 0x00007ffa39728000 	C:\WINDOWS\System32\PSAPI.DLL
0x00007ffa33290000 - 0x00007ffa3329a000 	C:\WINDOWS\SYSTEM32\VERSION.dll
0x00007ffa2f640000 - 0x00007ffa2f674000 	C:\WINDOWS\SYSTEM32\WINMM.dll
0x00007ffa160f0000 - 0x00007ffa160f9000 	C:\WINDOWS\SYSTEM32\WSOCK32.dll
0x00007ffa3a070000 - 0x00007ffa3a0e1000 	C:\WINDOWS\System32\WS2_32.dll
0x00007ffa37450000 - 0x00007ffa37468000 	C:\WINDOWS\SYSTEM32\kernel.appcore.dll
0x00007ffa23ff0000 - 0x00007ffa24001000 	C:\Program Files\Android\Android Studio\jre\bin\verify.dll
0x00007ffa35ee0000 - 0x00007ffa3610e000 	C:\WINDOWS\SYSTEM32\DBGHELP.DLL
0x00007ffa38f80000 - 0x00007ffa39309000 	C:\WINDOWS\System32\combase.dll
0x00007ffa3aae0000 - 0x00007ffa3abb7000 	C:\WINDOWS\System32\OLEAUT32.dll
0x00007ffa163f0000 - 0x00007ffa16422000 	C:\WINDOWS\SYSTEM32\dbgcore.DLL
0x00007ffa38b90000 - 0x00007ffa38c0b000 	C:\WINDOWS\System32\bcryptPrimitives.dll
0x00007ffa1e730000 - 0x00007ffa1e759000 	C:\Program Files\Android\Android Studio\jre\bin\java.dll
0x00007ffa32fd0000 - 0x00007ffa32fdb000 	C:\Program Files\Android\Android Studio\jre\bin\jimage.dll
0x00007ffa23fd0000 - 0x00007ffa23fe8000 	C:\Program Files\Android\Android Studio\jre\bin\zip.dll
0x00007ffa3a170000 - 0x00007ffa3a94d000 	C:\WINDOWS\System32\SHELL32.dll
0x00007ffa36340000 - 0x00007ffa36bf7000 	C:\WINDOWS\SYSTEM32\windows.storage.dll
0x00007ffa36200000 - 0x00007ffa3633d000 	C:\WINDOWS\SYSTEM32\wintypes.dll
0x00007ffa38e80000 - 0x00007ffa38f71000 	C:\WINDOWS\System32\SHCORE.dll
0x00007ffa39660000 - 0x00007ffa396be000 	C:\WINDOWS\System32\shlwapi.dll
0x00007ffa38210000 - 0x00007ffa38231000 	C:\WINDOWS\SYSTEM32\profapi.dll
0x00007ffa1f980000 - 0x00007ffa1f99a000 	C:\Program Files\Android\Android Studio\jre\bin\net.dll
0x00007ffa2f510000 - 0x00007ffa2f63f000 	C:\WINDOWS\SYSTEM32\WINHTTP.dll
0x00007ffa378b0000 - 0x00007ffa37919000 	C:\WINDOWS\system32\mswsock.dll
0x00007ffa0bd90000 - 0x00007ffa0bda4000 	C:\Program Files\Android\Android Studio\jre\bin\nio.dll
0x00007ffa332b0000 - 0x00007ffa332d7000 	C:\Users\Admin\.gradle\native\e1d6ef7f7dcc3fd88c89a11ec53ec762bb8ba0a96d01ffa2cd45eb1d1d8dd5c5\windows-amd64\native-platform.dll
0x00007ff9f6f80000 - 0x00007ff9f70c4000 	C:\Users\Admin\.gradle\native\5664cfc778a61ccfe75a443a1ab52a65af34e5dc3c78e0209fed803814484fcb\windows-amd64\native-platform-file-events.dll
0x00007ffa32fe0000 - 0x00007ffa32fea000 	C:\Program Files\Android\Android Studio\jre\bin\management.dll
0x00007ffa2f750000 - 0x00007ffa2f75d000 	C:\Program Files\Android\Android Studio\jre\bin\management_ext.dll
0x00007ffa37b00000 - 0x00007ffa37b1b000 	C:\WINDOWS\SYSTEM32\CRYPTSP.dll
0x00007ffa373c0000 - 0x00007ffa373f5000 	C:\WINDOWS\system32\rsaenh.dll
0x00007ffa379a0000 - 0x00007ffa379c8000 	C:\WINDOWS\SYSTEM32\USERENV.dll
0x00007ffa37c90000 - 0x00007ffa37cb8000 	C:\WINDOWS\SYSTEM32\bcrypt.dll
0x00007ffa37af0000 - 0x00007ffa37afc000 	C:\WINDOWS\SYSTEM32\CRYPTBASE.dll
0x00007ffa36e50000 - 0x00007ffa36e7d000 	C:\WINDOWS\SYSTEM32\IPHLPAPI.DLL
0x00007ffa396c0000 - 0x00007ffa396c9000 	C:\WINDOWS\System32\NSI.dll
0x00007ffa2eb80000 - 0x00007ffa2eb99000 	C:\WINDOWS\SYSTEM32\dhcpcsvc6.DLL
0x00007ffa2eb60000 - 0x00007ffa2eb7f000 	C:\WINDOWS\SYSTEM32\dhcpcsvc.DLL
0x00007ffa36f30000 - 0x00007ffa37022000 	C:\WINDOWS\SYSTEM32\DNSAPI.dll
0x00007ff9f8eb0000 - 0x00007ff9f8ed7000 	C:\Program Files\Android\Android Studio\jre\bin\sunec.dll
0x00007ffa2fa00000 - 0x00007ffa2fa0a000 	C:\Windows\System32\rasadhlp.dll
0x00007ffa2cb70000 - 0x00007ffa2cbf3000 	C:\WINDOWS\System32\fwpuclnt.dll
0x00007ffa37470000 - 0x00007ffa374a4000 	C:\WINDOWS\SYSTEM32\ntmarta.dll

dbghelp: loaded successfully - version: 4.0.5 - missing functions: none
symbol engine: initialized successfully - sym options: 0x614 - pdb path: .;C:\Program Files\Android\Android Studio\jre\bin;C:\WINDOWS\SYSTEM32;C:\WINDOWS\WinSxS\amd64_microsoft.windows.common-controls_6595b64144ccf1df_6.0.22621.608_none_a9444ca7c10bb01d;C:\Program Files\Android\Android Studio\jre\bin\server;C:\Users\Admin\.gradle\native\e1d6ef7f7dcc3fd88c89a11ec53ec762bb8ba0a96d01ffa2cd45eb1d1d8dd5c5\windows-amd64;C:\Users\Admin\.gradle\native\5664cfc778a61ccfe75a443a1ab52a65af34e5dc3c78e0209fed803814484fcb\windows-amd64

VM Arguments:
jvm_args: --add-opens=java.base/java.util=ALL-UNNAMED --add-opens=java.base/java.lang=ALL-UNNAMED --add-opens=java.base/java.lang.invoke=ALL-UNNAMED --add-opens=java.base/java.util=ALL-UNNAMED --add-opens=java.prefs/java.util.prefs=ALL-UNNAMED --add-opens=java.prefs/java.util.prefs=ALL-UNNAMED --add-opens=java.base/java.nio.charset=ALL-UNNAMED --add-opens=java.base/java.net=ALL-UNNAMED --add-opens=java.base/java.util.concurrent.atomic=ALL-UNNAMED -Xmx2048m -Dfile.encoding=UTF-8 -Duser.country=US -Duser.language=en -Duser.variant 
java_command: org.gradle.launcher.daemon.bootstrap.GradleDaemon 7.3.3
java_class_path (initial): C:\Users\Admin\.gradle\wrapper\dists\gradle-7.3.3-bin\6a41zxkdtcxs8rphpq6y0069z\gradle-7.3.3\lib\gradle-launcher-7.3.3.jar
Launcher Type: SUN_STANDARD

[Global flags]
     intx CICompilerCount                          = 4                                         {product} {ergonomic}
     uint ConcGCThreads                            = 2                                         {product} {ergonomic}
     uint G1ConcRefinementThreads                  = 8                                         {product} {ergonomic}
   size_t G1HeapRegionSize                         = 1048576                                   {product} {ergonomic}
    uintx GCDrainStackTargetSize                   = 64                                        {product} {ergonomic}
   size_t InitialHeapSize                          = 65011712                                  {product} {ergonomic}
   size_t MarkStackSize                            = 4194304                                   {product} {ergonomic}
   size_t MaxHeapSize                              = 2147483648                                {product} {command line}
   size_t MaxNewSize                               = 1287651328                                {product} {ergonomic}
   size_t MinHeapDeltaBytes                        = 1048576                                   {product} {ergonomic}
    uintx NonNMethodCodeHeapSize                   = 5836300                                {pd product} {ergonomic}
    uintx NonProfiledCodeHeapSize                  = 122910970                              {pd product} {ergonomic}
    uintx ProfiledCodeHeapSize                     = 122910970                              {pd product} {ergonomic}
    uintx ReservedCodeCacheSize                    = 251658240                              {pd product} {ergonomic}
     bool SegmentedCodeCache                       = true                                      {product} {ergonomic}
     bool UseCompressedClassPointers               = true                                 {lp64_product} {ergonomic}
     bool UseCompressedOops                        = true                                 {lp64_product} {ergonomic}
     bool UseG1GC                                  = true                                      {product} {ergonomic}
     bool UseLargePagesIndividualAllocation        = false                                  {pd product} {ergonomic}

Logging:
Log output configuration:
 #0: stdout all=warning uptime,level,tags
 #1: stderr all=off uptime,level,tags

Environment Variables:
PATH=C:\Program Files\Common Files\Oracle\Java\javapath;C:\Windows\system32;C:\Windows;C:\Windows\System32\Wbem;C:\Windows\System32\WindowsPowerShell\v1.0\;C:\Windows\System32\OpenSSH\;C:\Program Files (x86)\NVIDIA Corporation\PhysX\Common;C:\Program Files\Microsoft SQL Server\Client SDK\ODBC\170\Tools\Binn\;C:\Program Files (x86)\Microsoft SQL Server\150\Tools\Binn\;C:\Program Files\Microsoft SQL Server\150\Tools\Binn\;C:\Program Files\Microsoft SQL Server\150\DTS\Binn\;C:\Program Files (x86)\Microsoft SQL Server\150\DTS\Binn\;C:\Program Files\Azure Data Studio\bin;C:\WINDOWS\system32;C:\WINDOWS;C:\WINDOWS\System32\Wbem;C:\WINDOWS\System32\WindowsPowerShell\v1.0\;C:\WINDOWS\System32\OpenSSH\;C:\Program Files\nodejs\;C:\Program Files\dotnet\;C:\Program Files\Git\cmd;C:\WINDOWS\system32;C:\WINDOWS;C:\WINDOWS\System32\Wbem;C:\WINDOWS\System32\WindowsPowerShell\v1.0\;C:\WINDOWS\System32\OpenSSH\;C:\Users\Admin\AppData\Local\Microsoft\WindowsApps;;C:\Users\Admin\AppData\Local\Programs\Microsoft VS Code\bin;C:\Program Files\Azure Data Studio\bin;C:\Users\Admin\.dotnet\tools;C:\Users\Admin\AppData\Roaming\npm
USERNAME=Admin
OS=Windows_NT
PROCESSOR_IDENTIFIER=Intel64 Family 6 Model 126 Stepping 5, GenuineIntel



---------------  S Y S T E M  ---------------

OS: Windows 10 , 64 bit Build 22621 (10.0.22621.608)
OS uptime: 0 days 21:09 hours

CPU:total 8 (initial active 8) (4 cores per cpu, 2 threads per core) family 6 model 126 stepping 5 microcode 0xb2, cmov, cx8, fxsr, mmx, sse, sse2, sse3, ssse3, sse4.1, sse4.2, popcnt, avx, avx2, aes, clmul, erms, 3dnowpref, lzcnt, ht, tsc, tscinvbit, bmi1, bmi2, adx, evex, sha, fma

Memory: 4k page, system-wide physical 3863M (297M free)
TotalPageFile size 15639M (AvailPageFile size 80M)
current process WorkingSet (physical memory assigned to process): 482M, peak: 539M
current process commit charge ("private bytes"): 682M, peak: 818M

vm_info: OpenJDK 64-Bit Server VM (11.0.12+7-b1504.28-7817840) for windows-amd64 JRE (11.0.12+7-b1504.28-7817840), built on Oct 13 2021 22:12:33 by "builder" with MS VC++ 14.0 (VS2015)

END.
